#
# There is insufficient memory for the Java Runtime Environment to continue.
# Native memory allocation (malloc) failed to allocate 1682736 bytes for Chunk::new
# Possible reasons:
#   The system is out of physical RAM or swap space
#   The process is running with CompressedOops enabled, and the Java Heap may be blocking the growth of the native heap
# Possible solutions:
#   Reduce memory load on the system
#   Increase physical memory or swap space
#   Check if swap backing store is full
#   Decrease Java heap size (-Xmx/-Xms)
#   Decrease number of Java threads
#   Decrease Java thread stack sizes (-Xss)
#   Set larger code cache with -XX:ReservedCodeCacheSize=
#   JVM is running with Unscaled Compressed Oops mode in which the Java heap is
#     placed in the first 4GB address space. The Java Heap base address is the
#     maximum limit for the native heap growth. Please use -XX:HeapBaseMinAddress
#     to set the Java Heap base and to place the Java Heap above 4GB virtual address.
# This output file may be truncated or incomplete.
#
#  Out of Memory Error (arena.cpp:189), pid=50124, tid=5976
#
# JRE version: OpenJDK Runtime Environment Temurin-17.0.8.1+1 (17.0.8.1+1) (build 17.0.8.1+1)
# Java VM: OpenJDK 64-Bit Server VM Temurin-17.0.8.1+1 (17.0.8.1+1, mixed mode, tiered, compressed oops, compressed class ptrs, g1 gc, windows-amd64)
# No core dump will be written. Minidumps are not enabled by default on client versions of Windows
#

---------------  S U M M A R Y ------------

Command Line: C:\Users\ASUS1\AppData\Local\Temp\surefire14984492717759004401\surefirebooter-20241004225332016_3.jar C:\Users\ASUS1\AppData\Local\Temp\surefire14984492717759004401 2024-10-04T22-53-31_747-jvmRun1 surefire-20241004225332016_1tmp surefire_0-20241004225332016_2tmp

Host: AMD Ryzen 7 4800H with Radeon Graphics         , 16 cores, 7G,  Windows 11 , 64 bit Build 22621 (10.0.22621.3958)
Time: Fri Oct  4 22:53:34 2024 India Standard Time elapsed time: 2.141289 seconds (0d 0h 0m 2s)

---------------  T H R E A D  ---------------

Current thread (0x000001a95d0629c0):  JavaThread "C2 CompilerThread0" daemon [_thread_in_native, id=5976, stack(0x0000002716600000,0x0000002716700000)]


Current CompileTask:
C2:   2141 1632       4       jdk.internal.org.objectweb.asm.Frame::execute (2305 bytes)

Stack: [0x0000002716600000,0x0000002716700000]
Native frames: (J=compiled Java code, j=interpreted, Vv=VM code, C=native code)
V  [jvm.dll+0x678b0a]
V  [jvm.dll+0x835e84]
V  [jvm.dll+0x83762e]
V  [jvm.dll+0x837c93]
V  [jvm.dll+0x24746f]
V  [jvm.dll+0xac20c]
V  [jvm.dll+0xac7dc]
V  [jvm.dll+0x365c52]
V  [jvm.dll+0x3301a1]
V  [jvm.dll+0x32f64a]
V  [jvm.dll+0x219bf1]
V  [jvm.dll+0x219011]
V  [jvm.dll+0x1a534d]
V  [jvm.dll+0x228d8a]
V  [jvm.dll+0x226dcc]
V  [jvm.dll+0x7ec09b]
V  [jvm.dll+0x7e64ca]
V  [jvm.dll+0x677955]
C  [ucrtbase.dll+0x29333]
C  [KERNEL32.DLL+0x1257d]
C  [ntdll.dll+0x5af28]


---------------  P R O C E S S  ---------------

Threads class SMR info:
_java_thread_list=0x000001a95d6cb1f0, length=15, elements={
0x000001a93e62b5e0, 0x000001a9581dc4a0, 0x000001a9581dd120, 0x000001a95d06a3f0,
0x000001a95d05f7e0, 0x000001a95d061310, 0x000001a95d061cd0, 0x000001a95d0629c0,
0x000001a95d063870, 0x000001a95d064270, 0x000001a95d1cd890, 0x000001a95d1ef0b0,
0x000001a95d1f8e60, 0x000001a95d4f7180, 0x000001a95d597e80
}

Java Threads: ( => current thread )
  0x000001a93e62b5e0 JavaThread "main" [_thread_in_vm, id=3168, stack(0x0000002715900000,0x0000002715a00000)]
  0x000001a9581dc4a0 JavaThread "Reference Handler" daemon [_thread_blocked, id=51060, stack(0x0000002716000000,0x0000002716100000)]
  0x000001a9581dd120 JavaThread "Finalizer" daemon [_thread_blocked, id=23256, stack(0x0000002716100000,0x0000002716200000)]
  0x000001a95d06a3f0 JavaThread "Signal Dispatcher" daemon [_thread_blocked, id=30256, stack(0x0000002716200000,0x0000002716300000)]
  0x000001a95d05f7e0 JavaThread "Attach Listener" daemon [_thread_blocked, id=49528, stack(0x0000002716300000,0x0000002716400000)]
  0x000001a95d061310 JavaThread "Service Thread" daemon [_thread_blocked, id=44640, stack(0x0000002716400000,0x0000002716500000)]
  0x000001a95d061cd0 JavaThread "Monitor Deflation Thread" daemon [_thread_blocked, id=11300, stack(0x0000002716500000,0x0000002716600000)]
=>0x000001a95d0629c0 JavaThread "C2 CompilerThread0" daemon [_thread_in_native, id=5976, stack(0x0000002716600000,0x0000002716700000)]
  0x000001a95d063870 JavaThread "C1 CompilerThread0" daemon [_thread_blocked, id=21984, stack(0x0000002716700000,0x0000002716800000)]
  0x000001a95d064270 JavaThread "Sweeper thread" daemon [_thread_blocked, id=17912, stack(0x0000002716800000,0x0000002716900000)]
  0x000001a95d1cd890 JavaThread "C1 CompilerThread1" daemon [_thread_blocked, id=40932, stack(0x0000002716900000,0x0000002716a00000)]
  0x000001a95d1ef0b0 JavaThread "Notification Thread" daemon [_thread_blocked, id=20400, stack(0x0000002716a00000,0x0000002716b00000)]
  0x000001a95d1f8e60 JavaThread "Common-Cleaner" daemon [_thread_blocked, id=42832, stack(0x0000002716c00000,0x0000002716d00000)]
  0x000001a95d4f7180 JavaThread "surefire-forkedjvm-stream-flusher" daemon [_thread_blocked, id=31876, stack(0x0000002716d00000,0x0000002716e00000)]
  0x000001a95d597e80 JavaThread "surefire-forkedjvm-command-thread" daemon [_thread_in_native, id=32388, stack(0x0000002716e00000,0x0000002716f00000)]

Other Threads:
  0x000001a9581d7870 VMThread "VM Thread" [stack: 0x0000002715f00000,0x0000002716000000] [id=38608]
  0x000001a958184530 WatcherThread [stack: 0x0000002716b00000,0x0000002716c00000] [id=17204]
  0x000001a93e686a70 GCTaskThread "GC Thread#0" [stack: 0x0000002715a00000,0x0000002715b00000] [id=41700]
  0x000001a95de93020 GCTaskThread "GC Thread#1" [stack: 0x0000002716f00000,0x0000002717000000] [id=22228]
  0x000001a95de73b30 GCTaskThread "GC Thread#2" [stack: 0x0000002717000000,0x0000002717100000] [id=42128]
  0x000001a95dcd1c80 GCTaskThread "GC Thread#3" [stack: 0x0000002717100000,0x0000002717200000] [id=17908]
  0x000001a95dcd1f40 GCTaskThread "GC Thread#4" [stack: 0x0000002717200000,0x0000002717300000] [id=47752]
  0x000001a95ddf1f50 GCTaskThread "GC Thread#5" [stack: 0x0000002717300000,0x0000002717400000] [id=41504]
  0x000001a95ddf2210 GCTaskThread "GC Thread#6" [stack: 0x0000002717400000,0x0000002717500000] [id=41472]
  0x000001a93e696740 ConcurrentGCThread "G1 Main Marker" [stack: 0x0000002715b00000,0x0000002715c00000] [id=460]
  0x000001a93e697150 ConcurrentGCThread "G1 Conc#0" [stack: 0x0000002715c00000,0x0000002715d00000] [id=352]
  0x000001a93e6d81f0 ConcurrentGCThread "G1 Refine#0" [stack: 0x0000002715d00000,0x0000002715e00000] [id=24056]
  0x000001a93e6d8c20 ConcurrentGCThread "G1 Service" [stack: 0x0000002715e00000,0x0000002715f00000] [id=32684]

Threads with active compile tasks:
C2 CompilerThread0     2173 1632       4       jdk.internal.org.objectweb.asm.Frame::execute (2305 bytes)
C1 CompilerThread1     2174 1715       3       java.lang.invoke.MemberName::asSpecial (89 bytes)

VM state: not at safepoint (normal execution)

VM Mutex/Monitor currently owned by a thread: None

Heap address: 0x0000000089400000, size: 1900 MB, Compressed Oops mode: 32-bit

CDS archive(s) not mapped
Compressed class space mapped at: 0x0000000100000000-0x0000000140000000, reserved size: 1073741824
Narrow klass base: 0x0000000000000000, Narrow klass shift: 3, Narrow klass range: 0x140000000

GC Precious Log:
 CPUs: 16 total, 16 available
 Memory: 7598M
 Large Page Support: Disabled
 NUMA Support: Disabled
 Compressed Oops: Enabled (32-bit)
 Heap Region Size: 1M
 Heap Min Capacity: 8M
 Heap Initial Capacity: 120M
 Heap Max Capacity: 1900M
 Pre-touch: Disabled
 Parallel Workers: 13
 Concurrent Workers: 3
 Concurrent Refinement Workers: 13
 Periodic GC: Disabled

Heap:
 garbage-first heap   total 122880K, used 24451K [0x0000000089400000, 0x0000000100000000)
  region size 1024K, 22 young (22528K), 3 survivors (3072K)
 Metaspace       used 19571K, committed 19776K, reserved 1114112K
  class space    used 2128K, committed 2240K, reserved 1048576K

Heap Regions: E=young(eden), S=young(survivor), O=old, HS=humongous(starts), HC=humongous(continues), CS=collection set, F=free, OA=open archive, CA=closed archive, TAMS=top-at-mark-start (previous, next)
|   0|0x0000000089400000, 0x0000000089500000, 0x0000000089500000|100%| O|  |TAMS 0x0000000089400000, 0x0000000089400000| Untracked 
|   1|0x0000000089500000, 0x0000000089600000, 0x0000000089600000|100%| O|  |TAMS 0x0000000089500000, 0x0000000089500000| Untracked 
|   2|0x0000000089600000, 0x00000000896e0c00, 0x0000000089700000| 87%| O|  |TAMS 0x0000000089600000, 0x0000000089600000| Untracked 
|   3|0x0000000089700000, 0x0000000089700000, 0x0000000089800000|  0%| F|  |TAMS 0x0000000089700000, 0x0000000089700000| Untracked 
|   4|0x0000000089800000, 0x0000000089800000, 0x0000000089900000|  0%| F|  |TAMS 0x0000000089800000, 0x0000000089800000| Untracked 
|   5|0x0000000089900000, 0x0000000089900000, 0x0000000089a00000|  0%| F|  |TAMS 0x0000000089900000, 0x0000000089900000| Untracked 
|   6|0x0000000089a00000, 0x0000000089a00000, 0x0000000089b00000|  0%| F|  |TAMS 0x0000000089a00000, 0x0000000089a00000| Untracked 
|   7|0x0000000089b00000, 0x0000000089b00000, 0x0000000089c00000|  0%| F|  |TAMS 0x0000000089b00000, 0x0000000089b00000| Untracked 
|   8|0x0000000089c00000, 0x0000000089c00000, 0x0000000089d00000|  0%| F|  |TAMS 0x0000000089c00000, 0x0000000089c00000| Untracked 
|   9|0x0000000089d00000, 0x0000000089d00000, 0x0000000089e00000|  0%| F|  |TAMS 0x0000000089d00000, 0x0000000089d00000| Untracked 
|  10|0x0000000089e00000, 0x0000000089e00000, 0x0000000089f00000|  0%| F|  |TAMS 0x0000000089e00000, 0x0000000089e00000| Untracked 
|  11|0x0000000089f00000, 0x0000000089f00000, 0x000000008a000000|  0%| F|  |TAMS 0x0000000089f00000, 0x0000000089f00000| Untracked 
|  12|0x000000008a000000, 0x000000008a000000, 0x000000008a100000|  0%| F|  |TAMS 0x000000008a000000, 0x000000008a000000| Untracked 
|  13|0x000000008a100000, 0x000000008a100000, 0x000000008a200000|  0%| F|  |TAMS 0x000000008a100000, 0x000000008a100000| Untracked 
|  14|0x000000008a200000, 0x000000008a200000, 0x000000008a300000|  0%| F|  |TAMS 0x000000008a200000, 0x000000008a200000| Untracked 
|  15|0x000000008a300000, 0x000000008a300000, 0x000000008a400000|  0%| F|  |TAMS 0x000000008a300000, 0x000000008a300000| Untracked 
|  16|0x000000008a400000, 0x000000008a400000, 0x000000008a500000|  0%| F|  |TAMS 0x000000008a400000, 0x000000008a400000| Untracked 
|  17|0x000000008a500000, 0x000000008a500000, 0x000000008a600000|  0%| F|  |TAMS 0x000000008a500000, 0x000000008a500000| Untracked 
|  18|0x000000008a600000, 0x000000008a600000, 0x000000008a700000|  0%| F|  |TAMS 0x000000008a600000, 0x000000008a600000| Untracked 
|  19|0x000000008a700000, 0x000000008a700000, 0x000000008a800000|  0%| F|  |TAMS 0x000000008a700000, 0x000000008a700000| Untracked 
|  20|0x000000008a800000, 0x000000008a800000, 0x000000008a900000|  0%| F|  |TAMS 0x000000008a800000, 0x000000008a800000| Untracked 
|  21|0x000000008a900000, 0x000000008a900000, 0x000000008aa00000|  0%| F|  |TAMS 0x000000008a900000, 0x000000008a900000| Untracked 
|  22|0x000000008aa00000, 0x000000008aa00000, 0x000000008ab00000|  0%| F|  |TAMS 0x000000008aa00000, 0x000000008aa00000| Untracked 
|  23|0x000000008ab00000, 0x000000008ab00000, 0x000000008ac00000|  0%| F|  |TAMS 0x000000008ab00000, 0x000000008ab00000| Untracked 
|  24|0x000000008ac00000, 0x000000008ac00000, 0x000000008ad00000|  0%| F|  |TAMS 0x000000008ac00000, 0x000000008ac00000| Untracked 
|  25|0x000000008ad00000, 0x000000008ad00000, 0x000000008ae00000|  0%| F|  |TAMS 0x000000008ad00000, 0x000000008ad00000| Untracked 
|  26|0x000000008ae00000, 0x000000008ae00000, 0x000000008af00000|  0%| F|  |TAMS 0x000000008ae00000, 0x000000008ae00000| Untracked 
|  27|0x000000008af00000, 0x000000008af00000, 0x000000008b000000|  0%| F|  |TAMS 0x000000008af00000, 0x000000008af00000| Untracked 
|  28|0x000000008b000000, 0x000000008b000000, 0x000000008b100000|  0%| F|  |TAMS 0x000000008b000000, 0x000000008b000000| Untracked 
|  29|0x000000008b100000, 0x000000008b100000, 0x000000008b200000|  0%| F|  |TAMS 0x000000008b100000, 0x000000008b100000| Untracked 
|  30|0x000000008b200000, 0x000000008b200000, 0x000000008b300000|  0%| F|  |TAMS 0x000000008b200000, 0x000000008b200000| Untracked 
|  31|0x000000008b300000, 0x000000008b300000, 0x000000008b400000|  0%| F|  |TAMS 0x000000008b300000, 0x000000008b300000| Untracked 
|  32|0x000000008b400000, 0x000000008b400000, 0x000000008b500000|  0%| F|  |TAMS 0x000000008b400000, 0x000000008b400000| Untracked 
|  33|0x000000008b500000, 0x000000008b500000, 0x000000008b600000|  0%| F|  |TAMS 0x000000008b500000, 0x000000008b500000| Untracked 
|  34|0x000000008b600000, 0x000000008b600000, 0x000000008b700000|  0%| F|  |TAMS 0x000000008b600000, 0x000000008b600000| Untracked 
|  35|0x000000008b700000, 0x000000008b700000, 0x000000008b800000|  0%| F|  |TAMS 0x000000008b700000, 0x000000008b700000| Untracked 
|  36|0x000000008b800000, 0x000000008b800000, 0x000000008b900000|  0%| F|  |TAMS 0x000000008b800000, 0x000000008b800000| Untracked 
|  37|0x000000008b900000, 0x000000008b900000, 0x000000008ba00000|  0%| F|  |TAMS 0x000000008b900000, 0x000000008b900000| Untracked 
|  38|0x000000008ba00000, 0x000000008ba00000, 0x000000008bb00000|  0%| F|  |TAMS 0x000000008ba00000, 0x000000008ba00000| Untracked 
|  39|0x000000008bb00000, 0x000000008bb00000, 0x000000008bc00000|  0%| F|  |TAMS 0x000000008bb00000, 0x000000008bb00000| Untracked 
|  40|0x000000008bc00000, 0x000000008bc00000, 0x000000008bd00000|  0%| F|  |TAMS 0x000000008bc00000, 0x000000008bc00000| Untracked 
|  41|0x000000008bd00000, 0x000000008bd00000, 0x000000008be00000|  0%| F|  |TAMS 0x000000008bd00000, 0x000000008bd00000| Untracked 
|  42|0x000000008be00000, 0x000000008be00000, 0x000000008bf00000|  0%| F|  |TAMS 0x000000008be00000, 0x000000008be00000| Untracked 
|  43|0x000000008bf00000, 0x000000008bf00000, 0x000000008c000000|  0%| F|  |TAMS 0x000000008bf00000, 0x000000008bf00000| Untracked 
|  44|0x000000008c000000, 0x000000008c000000, 0x000000008c100000|  0%| F|  |TAMS 0x000000008c000000, 0x000000008c000000| Untracked 
|  45|0x000000008c100000, 0x000000008c100000, 0x000000008c200000|  0%| F|  |TAMS 0x000000008c100000, 0x000000008c100000| Untracked 
|  46|0x000000008c200000, 0x000000008c200000, 0x000000008c300000|  0%| F|  |TAMS 0x000000008c200000, 0x000000008c200000| Untracked 
|  47|0x000000008c300000, 0x000000008c300000, 0x000000008c400000|  0%| F|  |TAMS 0x000000008c300000, 0x000000008c300000| Untracked 
|  48|0x000000008c400000, 0x000000008c400000, 0x000000008c500000|  0%| F|  |TAMS 0x000000008c400000, 0x000000008c400000| Untracked 
|  49|0x000000008c500000, 0x000000008c500000, 0x000000008c600000|  0%| F|  |TAMS 0x000000008c500000, 0x000000008c500000| Untracked 
|  50|0x000000008c600000, 0x000000008c600000, 0x000000008c700000|  0%| F|  |TAMS 0x000000008c600000, 0x000000008c600000| Untracked 
|  51|0x000000008c700000, 0x000000008c700000, 0x000000008c800000|  0%| F|  |TAMS 0x000000008c700000, 0x000000008c700000| Untracked 
|  52|0x000000008c800000, 0x000000008c800000, 0x000000008c900000|  0%| F|  |TAMS 0x000000008c800000, 0x000000008c800000| Untracked 
|  53|0x000000008c900000, 0x000000008c900000, 0x000000008ca00000|  0%| F|  |TAMS 0x000000008c900000, 0x000000008c900000| Untracked 
|  54|0x000000008ca00000, 0x000000008ca00000, 0x000000008cb00000|  0%| F|  |TAMS 0x000000008ca00000, 0x000000008ca00000| Untracked 
|  55|0x000000008cb00000, 0x000000008cb00000, 0x000000008cc00000|  0%| F|  |TAMS 0x000000008cb00000, 0x000000008cb00000| Untracked 
|  56|0x000000008cc00000, 0x000000008cc00000, 0x000000008cd00000|  0%| F|  |TAMS 0x000000008cc00000, 0x000000008cc00000| Untracked 
|  57|0x000000008cd00000, 0x000000008cd00000, 0x000000008ce00000|  0%| F|  |TAMS 0x000000008cd00000, 0x000000008cd00000| Untracked 
|  58|0x000000008ce00000, 0x000000008ce00000, 0x000000008cf00000|  0%| F|  |TAMS 0x000000008ce00000, 0x000000008ce00000| Untracked 
|  59|0x000000008cf00000, 0x000000008cf00000, 0x000000008d000000|  0%| F|  |TAMS 0x000000008cf00000, 0x000000008cf00000| Untracked 
|  60|0x000000008d000000, 0x000000008d000000, 0x000000008d100000|  0%| F|  |TAMS 0x000000008d000000, 0x000000008d000000| Untracked 
|  61|0x000000008d100000, 0x000000008d100000, 0x000000008d200000|  0%| F|  |TAMS 0x000000008d100000, 0x000000008d100000| Untracked 
|  62|0x000000008d200000, 0x000000008d200000, 0x000000008d300000|  0%| F|  |TAMS 0x000000008d200000, 0x000000008d200000| Untracked 
|  63|0x000000008d300000, 0x000000008d300000, 0x000000008d400000|  0%| F|  |TAMS 0x000000008d300000, 0x000000008d300000| Untracked 
|  64|0x000000008d400000, 0x000000008d400000, 0x000000008d500000|  0%| F|  |TAMS 0x000000008d400000, 0x000000008d400000| Untracked 
|  65|0x000000008d500000, 0x000000008d500000, 0x000000008d600000|  0%| F|  |TAMS 0x000000008d500000, 0x000000008d500000| Untracked 
|  66|0x000000008d600000, 0x000000008d600000, 0x000000008d700000|  0%| F|  |TAMS 0x000000008d600000, 0x000000008d600000| Untracked 
|  67|0x000000008d700000, 0x000000008d700000, 0x000000008d800000|  0%| F|  |TAMS 0x000000008d700000, 0x000000008d700000| Untracked 
|  68|0x000000008d800000, 0x000000008d800000, 0x000000008d900000|  0%| F|  |TAMS 0x000000008d800000, 0x000000008d800000| Untracked 
|  69|0x000000008d900000, 0x000000008d900000, 0x000000008da00000|  0%| F|  |TAMS 0x000000008d900000, 0x000000008d900000| Untracked 
|  70|0x000000008da00000, 0x000000008da00000, 0x000000008db00000|  0%| F|  |TAMS 0x000000008da00000, 0x000000008da00000| Untracked 
|  71|0x000000008db00000, 0x000000008db00000, 0x000000008dc00000|  0%| F|  |TAMS 0x000000008db00000, 0x000000008db00000| Untracked 
|  72|0x000000008dc00000, 0x000000008dc00000, 0x000000008dd00000|  0%| F|  |TAMS 0x000000008dc00000, 0x000000008dc00000| Untracked 
|  73|0x000000008dd00000, 0x000000008dd00000, 0x000000008de00000|  0%| F|  |TAMS 0x000000008dd00000, 0x000000008dd00000| Untracked 
|  74|0x000000008de00000, 0x000000008de00000, 0x000000008df00000|  0%| F|  |TAMS 0x000000008de00000, 0x000000008de00000| Untracked 
|  75|0x000000008df00000, 0x000000008df00000, 0x000000008e000000|  0%| F|  |TAMS 0x000000008df00000, 0x000000008df00000| Untracked 
|  76|0x000000008e000000, 0x000000008e000000, 0x000000008e100000|  0%| F|  |TAMS 0x000000008e000000, 0x000000008e000000| Untracked 
|  77|0x000000008e100000, 0x000000008e100000, 0x000000008e200000|  0%| F|  |TAMS 0x000000008e100000, 0x000000008e100000| Untracked 
|  78|0x000000008e200000, 0x000000008e200000, 0x000000008e300000|  0%| F|  |TAMS 0x000000008e200000, 0x000000008e200000| Untracked 
|  79|0x000000008e300000, 0x000000008e300000, 0x000000008e400000|  0%| F|  |TAMS 0x000000008e300000, 0x000000008e300000| Untracked 
|  80|0x000000008e400000, 0x000000008e400000, 0x000000008e500000|  0%| F|  |TAMS 0x000000008e400000, 0x000000008e400000| Untracked 
|  81|0x000000008e500000, 0x000000008e500000, 0x000000008e600000|  0%| F|  |TAMS 0x000000008e500000, 0x000000008e500000| Untracked 
|  82|0x000000008e600000, 0x000000008e600000, 0x000000008e700000|  0%| F|  |TAMS 0x000000008e600000, 0x000000008e600000| Untracked 
|  83|0x000000008e700000, 0x000000008e700000, 0x000000008e800000|  0%| F|  |TAMS 0x000000008e700000, 0x000000008e700000| Untracked 
|  84|0x000000008e800000, 0x000000008e800000, 0x000000008e900000|  0%| F|  |TAMS 0x000000008e800000, 0x000000008e800000| Untracked 
|  85|0x000000008e900000, 0x000000008e900000, 0x000000008ea00000|  0%| F|  |TAMS 0x000000008e900000, 0x000000008e900000| Untracked 
|  86|0x000000008ea00000, 0x000000008ea00000, 0x000000008eb00000|  0%| F|  |TAMS 0x000000008ea00000, 0x000000008ea00000| Untracked 
|  87|0x000000008eb00000, 0x000000008eb00000, 0x000000008ec00000|  0%| F|  |TAMS 0x000000008eb00000, 0x000000008eb00000| Untracked 
|  88|0x000000008ec00000, 0x000000008ec00000, 0x000000008ed00000|  0%| F|  |TAMS 0x000000008ec00000, 0x000000008ec00000| Untracked 
|  89|0x000000008ed00000, 0x000000008ed00000, 0x000000008ee00000|  0%| F|  |TAMS 0x000000008ed00000, 0x000000008ed00000| Untracked 
|  90|0x000000008ee00000, 0x000000008ee00000, 0x000000008ef00000|  0%| F|  |TAMS 0x000000008ee00000, 0x000000008ee00000| Untracked 
|  91|0x000000008ef00000, 0x000000008ef00000, 0x000000008f000000|  0%| F|  |TAMS 0x000000008ef00000, 0x000000008ef00000| Untracked 
|  92|0x000000008f000000, 0x000000008f000000, 0x000000008f100000|  0%| F|  |TAMS 0x000000008f000000, 0x000000008f000000| Untracked 
|  93|0x000000008f100000, 0x000000008f100000, 0x000000008f200000|  0%| F|  |TAMS 0x000000008f100000, 0x000000008f100000| Untracked 
|  94|0x000000008f200000, 0x000000008f300000, 0x000000008f300000|100%| S|CS|TAMS 0x000000008f200000, 0x000000008f200000| Complete 
|  95|0x000000008f300000, 0x000000008f400000, 0x000000008f400000|100%| S|CS|TAMS 0x000000008f300000, 0x000000008f300000| Complete 
|  96|0x000000008f400000, 0x000000008f500000, 0x000000008f500000|100%| S|CS|TAMS 0x000000008f400000, 0x000000008f400000| Complete 
|  97|0x000000008f500000, 0x000000008f500000, 0x000000008f600000|  0%| F|  |TAMS 0x000000008f500000, 0x000000008f500000| Untracked 
|  98|0x000000008f600000, 0x000000008f600000, 0x000000008f700000|  0%| F|  |TAMS 0x000000008f600000, 0x000000008f600000| Untracked 
|  99|0x000000008f700000, 0x000000008f700000, 0x000000008f800000|  0%| F|  |TAMS 0x000000008f700000, 0x000000008f700000| Untracked 
| 100|0x000000008f800000, 0x000000008f800000, 0x000000008f900000|  0%| F|  |TAMS 0x000000008f800000, 0x000000008f800000| Untracked 
| 101|0x000000008f900000, 0x000000008fa00000, 0x000000008fa00000|100%| E|  |TAMS 0x000000008f900000, 0x000000008f900000| Complete 
| 102|0x000000008fa00000, 0x000000008fb00000, 0x000000008fb00000|100%| E|CS|TAMS 0x000000008fa00000, 0x000000008fa00000| Complete 
| 103|0x000000008fb00000, 0x000000008fc00000, 0x000000008fc00000|100%| E|CS|TAMS 0x000000008fb00000, 0x000000008fb00000| Complete 
| 104|0x000000008fc00000, 0x000000008fd00000, 0x000000008fd00000|100%| E|CS|TAMS 0x000000008fc00000, 0x000000008fc00000| Complete 
| 105|0x000000008fd00000, 0x000000008fe00000, 0x000000008fe00000|100%| E|CS|TAMS 0x000000008fd00000, 0x000000008fd00000| Complete 
| 106|0x000000008fe00000, 0x000000008ff00000, 0x000000008ff00000|100%| E|CS|TAMS 0x000000008fe00000, 0x000000008fe00000| Complete 
| 107|0x000000008ff00000, 0x0000000090000000, 0x0000000090000000|100%| E|CS|TAMS 0x000000008ff00000, 0x000000008ff00000| Complete 
| 108|0x0000000090000000, 0x0000000090100000, 0x0000000090100000|100%| E|CS|TAMS 0x0000000090000000, 0x0000000090000000| Complete 
| 109|0x0000000090100000, 0x0000000090200000, 0x0000000090200000|100%| E|CS|TAMS 0x0000000090100000, 0x0000000090100000| Complete 
| 110|0x0000000090200000, 0x0000000090300000, 0x0000000090300000|100%| E|CS|TAMS 0x0000000090200000, 0x0000000090200000| Complete 
| 111|0x0000000090300000, 0x0000000090400000, 0x0000000090400000|100%| E|CS|TAMS 0x0000000090300000, 0x0000000090300000| Complete 
| 112|0x0000000090400000, 0x0000000090500000, 0x0000000090500000|100%| E|CS|TAMS 0x0000000090400000, 0x0000000090400000| Complete 
| 113|0x0000000090500000, 0x0000000090600000, 0x0000000090600000|100%| E|CS|TAMS 0x0000000090500000, 0x0000000090500000| Complete 
| 114|0x0000000090600000, 0x0000000090700000, 0x0000000090700000|100%| E|CS|TAMS 0x0000000090600000, 0x0000000090600000| Complete 
| 115|0x0000000090700000, 0x0000000090800000, 0x0000000090800000|100%| E|CS|TAMS 0x0000000090700000, 0x0000000090700000| Complete 
| 116|0x0000000090800000, 0x0000000090900000, 0x0000000090900000|100%| E|CS|TAMS 0x0000000090800000, 0x0000000090800000| Complete 
| 117|0x0000000090900000, 0x0000000090a00000, 0x0000000090a00000|100%| E|CS|TAMS 0x0000000090900000, 0x0000000090900000| Complete 
| 118|0x0000000090a00000, 0x0000000090b00000, 0x0000000090b00000|100%| E|CS|TAMS 0x0000000090a00000, 0x0000000090a00000| Complete 
| 119|0x0000000090b00000, 0x0000000090c00000, 0x0000000090c00000|100%| E|CS|TAMS 0x0000000090b00000, 0x0000000090b00000| Complete 

Card table byte_map: [0x000001a951920000,0x000001a951ce0000] _byte_map_base: 0x000001a9514d6000

Marking Bits (Prev, Next): (CMBitMap*) 0x000001a93e687090, (CMBitMap*) 0x000001a93e6870d0
 Prev Bits: [0x000001a9520a0000, 0x000001a953e50000)
 Next Bits: [0x000001a953e50000, 0x000001a955c00000)

Polling page: 0x000001a93dde0000

Metaspace:

Usage:
  Non-class:     17.04 MB used.
      Class:      2.08 MB used.
       Both:     19.13 MB used.

Virtual space:
  Non-class space:       64.00 MB reserved,      17.12 MB ( 27%) committed,  1 nodes.
      Class space:        1.00 GB reserved,       2.19 MB ( <1%) committed,  1 nodes.
             Both:        1.06 GB reserved,      19.31 MB (  2%) committed. 

Chunk freelists:
   Non-Class:  14.52 MB
       Class:  13.84 MB
        Both:  28.36 MB

MaxMetaspaceSize: unlimited
CompressedClassSpaceSize: 1.00 GB
Initial GC threshold: 21.00 MB
Current GC threshold: 21.00 MB
CDS: off
MetaspaceReclaimPolicy: balanced
 - commit_granule_bytes: 65536.
 - commit_granule_words: 8192.
 - virtual_space_node_default_size: 8388608.
 - enlarge_chunks_in_place: 1.
 - new_chunks_are_fully_committed: 0.
 - uncommit_free_chunks: 1.
 - use_allocation_guard: 0.
 - handle_deallocations: 1.


Internal statistics:

num_allocs_failed_limit: 0.
num_arena_births: 168.
num_arena_deaths: 0.
num_vsnodes_births: 2.
num_vsnodes_deaths: 0.
num_space_committed: 309.
num_space_uncommitted: 0.
num_chunks_returned_to_freelist: 0.
num_chunks_taken_from_freelist: 548.
num_chunk_merges: 0.
num_chunk_splits: 319.
num_chunks_enlarged: 227.
num_inconsistent_stats: 0.

CodeHeap 'non-profiled nmethods': size=119168Kb used=542Kb max_used=542Kb free=118625Kb
 bounds [0x000001a949880000, 0x000001a949af0000, 0x000001a950ce0000]
CodeHeap 'profiled nmethods': size=119104Kb used=3511Kb max_used=3511Kb free=115592Kb
 bounds [0x000001a941ce0000, 0x000001a942050000, 0x000001a949130000]
CodeHeap 'non-nmethods': size=7488Kb used=1748Kb max_used=1776Kb free=5739Kb
 bounds [0x000001a949130000, 0x000001a9493a0000, 0x000001a949880000]
 total_blobs=2197 nmethods=1711 adapters=397
 compilation: enabled
              stopped_count=0, restarted_count=0
 full_count=0

Compilation events (20 events):
Event: 2.125 Thread 0x000001a95d1cd890 nmethod 1698 0x000001a942041390 code [0x000001a942041540, 0x000001a942041768]
Event: 2.125 Thread 0x000001a95d1cd890 1699       3       sun.reflect.generics.parser.SignatureParser::parseFieldTypeSignature (6 bytes)
Event: 2.126 Thread 0x000001a95d1cd890 nmethod 1699 0x000001a942041890 code [0x000001a942041a20, 0x000001a942041b68]
Event: 2.131 Thread 0x000001a95d1cd890 1700       3       java.util.concurrent.locks.AbstractQueuedSynchronizer::compareAndSetState (13 bytes)
Event: 2.131 Thread 0x000001a95d1cd890 nmethod 1700 0x000001a942041c10 code [0x000001a942041da0, 0x000001a942041ed8]
Event: 2.132 Thread 0x000001a95d1cd890 1701       3       java.lang.invoke.VarHandleGuards::guard_LL_V (125 bytes)
Event: 2.132 Thread 0x000001a95d063870 1702       3       java.lang.invoke.VarHandleReferences$FieldInstanceReadWrite::set (35 bytes)
Event: 2.133 Thread 0x000001a95d063870 nmethod 1702 0x000001a942041f90 code [0x000001a9420421c0, 0x000001a9420429c8]
Event: 2.133 Thread 0x000001a95d063870 1703       3       java.util.concurrent.ConcurrentLinkedDeque$Node::<init> (5 bytes)
Event: 2.134 Thread 0x000001a95d063870 nmethod 1703 0x000001a942042c90 code [0x000001a942042e20, 0x000001a942042f78]
Event: 2.134 Thread 0x000001a95d063870 1705       3       org.springframework.core.ResolvableType::forType (7 bytes)
Event: 2.135 Thread 0x000001a95d063870 nmethod 1705 0x000001a942043010 code [0x000001a9420431a0, 0x000001a9420432c8]
Event: 2.135 Thread 0x000001a95d063870 1706       3       org.springframework.core.ResolvableType::forType (112 bytes)
Event: 2.135 Thread 0x000001a95d063870 nmethod 1706 0x000001a942043390 code [0x000001a9420435e0, 0x000001a942043e88]
Event: 2.136 Thread 0x000001a95d1cd890 nmethod 1701 0x000001a942044110 code [0x000001a942044560, 0x000001a942046d68]
Event: 2.137 Thread 0x000001a95d1cd890 1707       3       org.springframework.core.ResolvableType::resolveClass (74 bytes)
Event: 2.137 Thread 0x000001a95d063870 1708       3       org.springframework.util.ConcurrentReferenceHashMap::clear (32 bytes)
Event: 2.137 Thread 0x000001a95d1cd890 nmethod 1707 0x000001a942047a90 code [0x000001a942047ca0, 0x000001a942048588]
Event: 2.137 Thread 0x000001a95d063870 nmethod 1708 0x000001a942048710 code [0x000001a9420488c0, 0x000001a942048ae8]
Event: 2.137 Thread 0x000001a95d1cd890 1709       3       org.springframework.core.ResolvableType::hashCode (22 bytes)

GC Heap History (2 events):
Event: 1.425 GC heap before
{Heap before GC invocations=0 (full 0):
 garbage-first heap   total 122880K, used 23552K [0x0000000089400000, 0x0000000100000000)
  region size 1024K, 23 young (23552K), 0 survivors (0K)
 Metaspace       used 13758K, committed 13888K, reserved 1114112K
  class space    used 1429K, committed 1472K, reserved 1048576K
}
Event: 1.437 GC heap after
{Heap after GC invocations=1 (full 0):
 garbage-first heap   total 122880K, used 6019K [0x0000000089400000, 0x0000000100000000)
  region size 1024K, 3 young (3072K), 3 survivors (3072K)
 Metaspace       used 13758K, committed 13888K, reserved 1114112K
  class space    used 1429K, committed 1472K, reserved 1048576K
}

Dll operation events (7 events):
Event: 0.009 Loaded shared library C:\Users\ASUS1\Downloads\sts-4.20.1.RELEASE\plugins\org.eclipse.justj.openjdk.hotspot.jre.full.win32.x86_64_17.0.8.v20230831-1047\jre\bin\java.dll
Event: 0.129 Loaded shared library C:\Users\ASUS1\Downloads\sts-4.20.1.RELEASE\plugins\org.eclipse.justj.openjdk.hotspot.jre.full.win32.x86_64_17.0.8.v20230831-1047\jre\bin\net.dll
Event: 0.134 Loaded shared library C:\Users\ASUS1\Downloads\sts-4.20.1.RELEASE\plugins\org.eclipse.justj.openjdk.hotspot.jre.full.win32.x86_64_17.0.8.v20230831-1047\jre\bin\nio.dll
Event: 0.151 Loaded shared library C:\Users\ASUS1\Downloads\sts-4.20.1.RELEASE\plugins\org.eclipse.justj.openjdk.hotspot.jre.full.win32.x86_64_17.0.8.v20230831-1047\jre\bin\zip.dll
Event: 0.352 Loaded shared library C:\Users\ASUS1\Downloads\sts-4.20.1.RELEASE\plugins\org.eclipse.justj.openjdk.hotspot.jre.full.win32.x86_64_17.0.8.v20230831-1047\jre\bin\management.dll
Event: 0.366 Loaded shared library C:\Users\ASUS1\Downloads\sts-4.20.1.RELEASE\plugins\org.eclipse.justj.openjdk.hotspot.jre.full.win32.x86_64_17.0.8.v20230831-1047\jre\bin\management_ext.dll
Event: 0.419 Loaded shared library C:\Users\ASUS1\Downloads\sts-4.20.1.RELEASE\plugins\org.eclipse.justj.openjdk.hotspot.jre.full.win32.x86_64_17.0.8.v20230831-1047\jre\bin\jimage.dll

Deoptimization events (20 events):
Event: 1.908 Thread 0x000001a93e62b5e0 Uncommon trap: trap_request=0xffffff45 fr.pc=0x000001a9498d0080 relative=0x00000000000001c0
Event: 1.908 Thread 0x000001a93e62b5e0 Uncommon trap: reason=unstable_if action=reinterpret pc=0x000001a9498d0080 method=java.io.WinNTFileSystem.normalize(Ljava/lang/String;)Ljava/lang/String; @ 128 c2
Event: 1.908 Thread 0x000001a93e62b5e0 DEOPT PACKING pc=0x000001a9498d0080 sp=0x00000027159fc3d0
Event: 1.908 Thread 0x000001a93e62b5e0 DEOPT UNPACKING pc=0x000001a9491869a3 sp=0x00000027159fc348 mode 2
Event: 1.912 Thread 0x000001a93e62b5e0 Uncommon trap: trap_request=0xffffff45 fr.pc=0x000001a9498998c0 relative=0x0000000000000040
Event: 1.912 Thread 0x000001a93e62b5e0 Uncommon trap: reason=unstable_if action=reinterpret pc=0x000001a9498998c0 method=sun.nio.fs.WindowsPathParser.isSlash(C)Z @ 9 c2
Event: 1.912 Thread 0x000001a93e62b5e0 DEOPT PACKING pc=0x000001a9498998c0 sp=0x00000027159fc660
Event: 1.912 Thread 0x000001a93e62b5e0 DEOPT UNPACKING pc=0x000001a9491869a3 sp=0x00000027159fc5e8 mode 2
Event: 1.962 Thread 0x000001a93e62b5e0 Uncommon trap: trap_request=0xffffff45 fr.pc=0x000001a9498cd960 relative=0x00000000000002c0
Event: 1.962 Thread 0x000001a93e62b5e0 Uncommon trap: reason=unstable_if action=reinterpret pc=0x000001a9498cd960 method=jdk.internal.org.objectweb.asm.SymbolTable.put(Ljdk/internal/org/objectweb/asm/SymbolTable$Entry;)Ljdk/internal/org/objectweb/asm/SymbolTable$Entry; @ 13 c2
Event: 1.962 Thread 0x000001a93e62b5e0 DEOPT PACKING pc=0x000001a9498cd960 sp=0x00000027159fb2f0
Event: 1.962 Thread 0x000001a93e62b5e0 DEOPT UNPACKING pc=0x000001a9491869a3 sp=0x00000027159fb270 mode 2
Event: 1.991 Thread 0x000001a93e62b5e0 Uncommon trap: trap_request=0xffffff45 fr.pc=0x000001a949900c08 relative=0x0000000000003888
Event: 1.991 Thread 0x000001a93e62b5e0 Uncommon trap: reason=unstable_if action=reinterpret pc=0x000001a949900c08 method=jdk.internal.loader.URLClassPath$FileLoader.getResource(Ljava/lang/String;Z)Ljdk/internal/loader/Resource; @ 139 c2
Event: 1.991 Thread 0x000001a93e62b5e0 DEOPT PACKING pc=0x000001a949900c08 sp=0x00000027159fbd40
Event: 1.991 Thread 0x000001a93e62b5e0 DEOPT UNPACKING pc=0x000001a9491869a3 sp=0x00000027159fbce8 mode 2
Event: 2.059 Thread 0x000001a93e62b5e0 Uncommon trap: trap_request=0xffffff45 fr.pc=0x000001a9498ce230 relative=0x0000000000000090
Event: 2.059 Thread 0x000001a93e62b5e0 Uncommon trap: reason=unstable_if action=reinterpret pc=0x000001a9498ce230 method=sun.reflect.generics.parser.SignatureParser.current()C @ 39 c2
Event: 2.059 Thread 0x000001a93e62b5e0 DEOPT PACKING pc=0x000001a9498ce230 sp=0x00000027159fb550
Event: 2.059 Thread 0x000001a93e62b5e0 DEOPT UNPACKING pc=0x000001a9491869a3 sp=0x00000027159fb4e8 mode 2

Classes unloaded (0 events):
No events

Classes redefined (0 events):
No events

Internal exceptions (20 events):
Event: 1.355 Thread 0x000001a93e62b5e0 Exception <a 'java/lang/NoSuchMethodError'{0x000000008f7ba860}: 'void java.lang.invoke.DirectMethodHandle$Holder.invokeStaticInit(java.lang.Object)'> (0x000000008f7ba860) 
thrown [s\src\hotspot\share\interpreter\linkResolver.cpp, line 759]
Event: 1.371 Thread 0x000001a93e62b5e0 Exception <a 'java/lang/NoSuchMethodError'{0x000000008f65cd70}: 'void java.lang.invoke.DirectMethodHandle$Holder.invokeStaticInit(java.lang.Object, java.lang.Object, java.lang.Object, java.lang.Object)'> (0x000000008f65cd70) 
thrown [s\src\hotspot\share\interpreter\linkResolver.cpp, line 759]
Event: 1.382 Thread 0x000001a93e62b5e0 Exception <a 'java/lang/NoSuchMethodError'{0x000000008f6d0698}: 'int java.lang.invoke.DirectMethodHandle$Holder.invokeStaticInit(java.lang.Object, java.lang.Object)'> (0x000000008f6d0698) 
thrown [s\src\hotspot\share\interpreter\linkResolver.cpp, line 759]
Event: 1.451 Thread 0x000001a93e62b5e0 Exception <a 'java/lang/NoSuchMethodError'{0x0000000090b56c48}: 'void java.lang.invoke.DirectMethodHandle$Holder.invokeStatic(java.lang.Object, java.lang.Object)'> (0x0000000090b56c48) 
thrown [s\src\hotspot\share\interpreter\linkResolver.cpp, line 759]
Event: 1.554 Thread 0x000001a93e62b5e0 Exception <a 'java/lang/ClassNotFoundException'{0x0000000090982b20}: javax/smartcardio/CardPermission> (0x0000000090982b20) 
thrown [s\src\hotspot\share\classfile\systemDictionary.cpp, line 256]
Event: 1.560 Thread 0x000001a93e62b5e0 Exception <a 'java/io/FileNotFoundException'{0x00000000909918e0}> (0x00000000909918e0) 
thrown [s\src\hotspot\share\prims\jni.cpp, line 516]
Event: 1.584 Thread 0x000001a93e62b5e0 Exception <a 'java/lang/NoSuchMethodError'{0x000000009080f7f0}: 'java.lang.Object java.lang.invoke.DirectMethodHandle$Holder.invokeSpecial(java.lang.Object, java.lang.Object, java.lang.Object, long, java.lang.Object)'> (0x000000009080f7f0) 
thrown [s\src\hotspot\share\interpreter\linkResolver.cpp, line 759]
Event: 1.584 Thread 0x000001a93e62b5e0 Exception <a 'java/lang/NoSuchMethodError'{0x0000000090813668}: 'java.lang.Object java.lang.invoke.Invokers$Holder.linkToTargetMethod(java.lang.Object, long, java.lang.Object, java.lang.Object)'> (0x0000000090813668) 
thrown [s\src\hotspot\share\interpreter\linkResolver.cpp, line 759]
Event: 1.616 Thread 0x000001a93e62b5e0 Implicit null exception at 0x000001a9498ed4d8 to 0x000001a9498ed56a
Event: 1.737 Thread 0x000001a93e62b5e0 Exception <a 'java/lang/NoSuchMethodError'{0x00000000905eaf40}: 'int java.lang.invoke.DirectMethodHandle$Holder.invokeStaticInit(java.lang.Object, java.lang.Object, java.lang.Object)'> (0x00000000905eaf40) 
thrown [s\src\hotspot\share\interpreter\linkResolver.cpp, line 759]
Event: 1.770 Thread 0x000001a93e62b5e0 Exception <a 'java/lang/NoSuchMethodError'{0x00000000904f1188}: 'int java.lang.invoke.DirectMethodHandle$Holder.invokeInterface(java.lang.Object, java.lang.Object)'> (0x00000000904f1188) 
thrown [s\src\hotspot\share\interpreter\linkResolver.cpp, line 759]
Event: 1.795 Thread 0x000001a93e62b5e0 Exception <a 'java/lang/NoSuchMethodError'{0x00000000903dddf8}: 'void java.lang.invoke.DirectMethodHandle$Holder.invokeStaticInit(java.lang.Object, java.lang.Object)'> (0x00000000903dddf8) 
thrown [s\src\hotspot\share\interpreter\linkResolver.cpp, line 759]
Event: 1.822 Thread 0x000001a93e62b5e0 Exception <a 'java/lang/NoSuchMethodError'{0x00000000902856c8}: 'int java.lang.invoke.DirectMethodHandle$Holder.invokeVirtual(java.lang.Object, java.lang.Object, java.lang.Object)'> (0x00000000902856c8) 
thrown [s\src\hotspot\share\interpreter\linkResolver.cpp, line 759]
Event: 1.867 Thread 0x000001a93e62b5e0 Exception <a 'java/lang/IncompatibleClassChangeError'{0x00000000901dd098}: Found class java.lang.Object, but interface was expected> (0x00000000901dd098) 
thrown [s\src\hotspot\share\interpreter\linkResolver.cpp, line 826]
Event: 1.906 Thread 0x000001a93e62b5e0 Exception <a 'java/lang/NoSuchMethodError'{0x000000008ff0d058}: 'int java.lang.invoke.DirectMethodHandle$Holder.invokeSpecial(java.lang.Object, java.lang.Object, java.lang.Object, java.lang.Object)'> (0x000000008ff0d058) 
thrown [s\src\hotspot\share\interpreter\linkResolver.cpp, line 759]
Event: 1.912 Thread 0x000001a93e62b5e0 Exception <a 'sun/nio/fs/WindowsException'{0x000000008ff2a250}> (0x000000008ff2a250) 
thrown [s\src\hotspot\share\prims\jni.cpp, line 516]
Event: 1.914 Thread 0x000001a93e62b5e0 Exception <a 'java/lang/NoSuchMethodError'{0x000000008ff2bab8}: 'int java.lang.invoke.DirectMethodHandle$Holder.invokeSpecial(java.lang.Object, java.lang.Object, java.lang.Object, java.lang.Object, java.lang.Object)'> (0x000000008ff2bab8) 
thrown [s\src\hotspot\share\interpreter\linkResolver.cpp, line 759]
Event: 1.917 Thread 0x000001a93e62b5e0 Exception <a 'java/lang/NoSuchMethodError'{0x000000008ff34b10}: 'void java.lang.invoke.DirectMethodHandle$Holder.invokeVirtual(java.lang.Object, java.lang.Object)'> (0x000000008ff34b10) 
thrown [s\src\hotspot\share\interpreter\linkResolver.cpp, line 759]
Event: 1.923 Thread 0x000001a93e62b5e0 Exception <a 'sun/nio/fs/WindowsException'{0x000000008ff4d380}> (0x000000008ff4d380) 
thrown [s\src\hotspot\share\prims\jni.cpp, line 516]
Event: 2.012 Thread 0x000001a93e62b5e0 Exception <a 'java/lang/NoSuchMethodError'{0x000000008fdb6af0}: 'void java.lang.invoke.DirectMethodHandle$Holder.invokeVirtual(java.lang.Object, java.lang.Object, java.lang.Object, java.lang.Object)'> (0x000000008fdb6af0) 
thrown [s\src\hotspot\share\interpreter\linkResolver.cpp, line 759]

VM Operations (20 events):
Event: 1.288 Executing VM operation: HandshakeAllThreads
Event: 1.288 Executing VM operation: HandshakeAllThreads done
Event: 1.288 Executing VM operation: Cleanup
Event: 1.288 Executing VM operation: Cleanup done
Event: 1.394 Executing VM operation: HandshakeAllThreads
Event: 1.394 Executing VM operation: HandshakeAllThreads done
Event: 1.425 Executing VM operation: G1CollectForAllocation
Event: 1.437 Executing VM operation: G1CollectForAllocation done
Event: 1.484 Executing VM operation: HandshakeAllThreads
Event: 1.484 Executing VM operation: HandshakeAllThreads done
Event: 1.663 Executing VM operation: HandshakeAllThreads
Event: 1.663 Executing VM operation: HandshakeAllThreads done
Event: 1.664 Executing VM operation: HandshakeAllThreads
Event: 1.664 Executing VM operation: HandshakeAllThreads done
Event: 1.771 Executing VM operation: HandshakeAllThreads
Event: 1.771 Executing VM operation: HandshakeAllThreads done
Event: 1.880 Executing VM operation: HandshakeAllThreads
Event: 1.880 Executing VM operation: HandshakeAllThreads done
Event: 2.004 Executing VM operation: HandshakeAllThreads
Event: 2.004 Executing VM operation: HandshakeAllThreads done

Events (20 events):
Event: 2.105 loading class java/time/OffsetDateTime
Event: 2.106 loading class java/time/OffsetDateTime done
Event: 2.115 loading class java/time/format/FormatStyle
Event: 2.116 loading class java/time/format/FormatStyle done
Event: 2.116 loading class java/time/format/DateTimeFormatterBuilder$LocalizedPrinterParser
Event: 2.116 loading class java/time/format/DateTimeFormatterBuilder$LocalizedPrinterParser done
Event: 2.118 loading class java/time/format/DateTimeParseException
Event: 2.119 loading class java/time/DateTimeException
Event: 2.119 loading class java/time/DateTimeException done
Event: 2.119 loading class java/time/format/DateTimeParseException done
Event: 2.123 loading class java/time/OffsetTime
Event: 2.123 loading class java/time/OffsetTime done
Event: 2.128 loading class java/time/Year
Event: 2.128 loading class java/time/Year done
Event: 2.129 loading class java/time/Month
Event: 2.130 loading class java/time/Month done
Event: 2.131 loading class java/time/YearMonth
Event: 2.132 loading class java/time/YearMonth done
Event: 2.132 loading class java/time/MonthDay
Event: 2.133 loading class java/time/MonthDay done


Dynamic libraries:
0x00007ff7dd730000 - 0x00007ff7dd73e000 	C:\Users\ASUS1\Downloads\sts-4.20.1.RELEASE\plugins\org.eclipse.justj.openjdk.hotspot.jre.full.win32.x86_64_17.0.8.v20230831-1047\jre\bin\java.exe
0x00007ffad7170000 - 0x00007ffad7387000 	C:\Windows\SYSTEM32\ntdll.dll
0x00007ffad52b0000 - 0x00007ffad5374000 	C:\Windows\System32\KERNEL32.DLL
0x00007ffad47f0000 - 0x00007ffad4b9d000 	C:\Windows\System32\KERNELBASE.dll
0x00007ffad46d0000 - 0x00007ffad47e1000 	C:\Windows\System32\ucrtbase.dll
0x00007ffab14f0000 - 0x00007ffab1507000 	C:\Users\ASUS1\Downloads\sts-4.20.1.RELEASE\plugins\org.eclipse.justj.openjdk.hotspot.jre.full.win32.x86_64_17.0.8.v20230831-1047\jre\bin\jli.dll
0x00007ffac10a0000 - 0x00007ffac10b9000 	C:\Users\ASUS1\Downloads\sts-4.20.1.RELEASE\plugins\org.eclipse.justj.openjdk.hotspot.jre.full.win32.x86_64_17.0.8.v20230831-1047\jre\bin\VCRUNTIME140.dll
0x00007ffad5530000 - 0x00007ffad56de000 	C:\Windows\System32\USER32.dll
0x00007ffad4ba0000 - 0x00007ffad4bc6000 	C:\Windows\System32\win32u.dll
0x00007ffac1b80000 - 0x00007ffac1e13000 	C:\Windows\WinSxS\amd64_microsoft.windows.common-controls_6595b64144ccf1df_6.0.22621.3672_none_2713b9d173822955\COMCTL32.dll
0x00007ffad6b60000 - 0x00007ffad6b89000 	C:\Windows\System32\GDI32.dll
0x00007ffad5080000 - 0x00007ffad5127000 	C:\Windows\System32\msvcrt.dll
0x00007ffad4c50000 - 0x00007ffad4d69000 	C:\Windows\System32\gdi32full.dll
0x00007ffad44c0000 - 0x00007ffad455a000 	C:\Windows\System32\msvcp_win.dll
0x00007ffad56e0000 - 0x00007ffad5711000 	C:\Windows\System32\IMM32.DLL
0x00007ffad0610000 - 0x00007ffad061c000 	C:\Users\ASUS1\Downloads\sts-4.20.1.RELEASE\plugins\org.eclipse.justj.openjdk.hotspot.jre.full.win32.x86_64_17.0.8.v20230831-1047\jre\bin\vcruntime140_1.dll
0x00007ffab1d40000 - 0x00007ffab1dd1000 	C:\Users\ASUS1\Downloads\sts-4.20.1.RELEASE\plugins\org.eclipse.justj.openjdk.hotspot.jre.full.win32.x86_64_17.0.8.v20230831-1047\jre\bin\msvcp140.dll
0x00007ffa61080000 - 0x00007ffa61ccc000 	C:\Users\ASUS1\Downloads\sts-4.20.1.RELEASE\plugins\org.eclipse.justj.openjdk.hotspot.jre.full.win32.x86_64_17.0.8.v20230831-1047\jre\bin\server\jvm.dll
0x00007ffad6ca0000 - 0x00007ffad6d52000 	C:\Windows\System32\ADVAPI32.dll
0x00007ffad67f0000 - 0x00007ffad6899000 	C:\Windows\System32\sechost.dll
0x00007ffad4490000 - 0x00007ffad44b8000 	C:\Windows\System32\bcrypt.dll
0x00007ffad68a0000 - 0x00007ffad69b4000 	C:\Windows\System32\RPCRT4.dll
0x00007ffad4100000 - 0x00007ffad414d000 	C:\Windows\SYSTEM32\POWRPROF.dll
0x00007ffacd840000 - 0x00007ffacd874000 	C:\Windows\SYSTEM32\WINMM.dll
0x00007ffab5080000 - 0x00007ffab5089000 	C:\Windows\SYSTEM32\WSOCK32.dll
0x00007ffad6710000 - 0x00007ffad6781000 	C:\Windows\System32\WS2_32.dll
0x00007ffacb310000 - 0x00007ffacb31a000 	C:\Windows\SYSTEM32\VERSION.dll
0x00007ffad3f40000 - 0x00007ffad3f53000 	C:\Windows\SYSTEM32\UMPDC.dll
0x00007ffad34c0000 - 0x00007ffad34d8000 	C:\Windows\SYSTEM32\kernel.appcore.dll
0x00007ffabb870000 - 0x00007ffabb87a000 	C:\Users\ASUS1\Downloads\sts-4.20.1.RELEASE\plugins\org.eclipse.justj.openjdk.hotspot.jre.full.win32.x86_64_17.0.8.v20230831-1047\jre\bin\jimage.dll
0x00007ffad1640000 - 0x00007ffad1872000 	C:\Windows\SYSTEM32\DBGHELP.DLL
0x00007ffad6d70000 - 0x00007ffad70fe000 	C:\Windows\System32\combase.dll
0x00007ffad6a80000 - 0x00007ffad6b57000 	C:\Windows\System32\OLEAUT32.dll
0x00007ffac9cb0000 - 0x00007ffac9ce2000 	C:\Windows\SYSTEM32\dbgcore.DLL
0x00007ffad4bd0000 - 0x00007ffad4c4b000 	C:\Windows\System32\bcryptPrimitives.dll
0x00007ffaafbc0000 - 0x00007ffaafbe5000 	C:\Users\ASUS1\Downloads\sts-4.20.1.RELEASE\plugins\org.eclipse.justj.openjdk.hotspot.jre.full.win32.x86_64_17.0.8.v20230831-1047\jre\bin\java.dll
0x00007ffab0b80000 - 0x00007ffab0b98000 	C:\Users\ASUS1\Downloads\sts-4.20.1.RELEASE\plugins\org.eclipse.justj.openjdk.hotspot.jre.full.win32.x86_64_17.0.8.v20230831-1047\jre\bin\zip.dll
0x00007ffad57d0000 - 0x00007ffad6037000 	C:\Windows\System32\SHELL32.dll
0x00007ffad23c0000 - 0x00007ffad2cbf000 	C:\Windows\SYSTEM32\windows.storage.dll
0x00007ffad2280000 - 0x00007ffad23bf000 	C:\Windows\SYSTEM32\wintypes.dll
0x00007ffad6ba0000 - 0x00007ffad6c99000 	C:\Windows\System32\SHCORE.dll
0x00007ffad69c0000 - 0x00007ffad6a1e000 	C:\Windows\System32\shlwapi.dll
0x00007ffad43c0000 - 0x00007ffad43e7000 	C:\Windows\SYSTEM32\profapi.dll
0x00007ffa9f7a0000 - 0x00007ffa9f7b9000 	C:\Users\ASUS1\Downloads\sts-4.20.1.RELEASE\plugins\org.eclipse.justj.openjdk.hotspot.jre.full.win32.x86_64_17.0.8.v20230831-1047\jre\bin\net.dll
0x00007ffacf1a0000 - 0x00007ffacf2d6000 	C:\Windows\SYSTEM32\WINHTTP.dll
0x00007ffad3950000 - 0x00007ffad39b9000 	C:\Windows\system32\mswsock.dll
0x00007ffa9e170000 - 0x00007ffa9e185000 	C:\Users\ASUS1\Downloads\sts-4.20.1.RELEASE\plugins\org.eclipse.justj.openjdk.hotspot.jre.full.win32.x86_64_17.0.8.v20230831-1047\jre\bin\nio.dll
0x00007ffaba260000 - 0x00007ffaba269000 	C:\Users\ASUS1\Downloads\sts-4.20.1.RELEASE\plugins\org.eclipse.justj.openjdk.hotspot.jre.full.win32.x86_64_17.0.8.v20230831-1047\jre\bin\management.dll
0x00007ffaba250000 - 0x00007ffaba25b000 	C:\Users\ASUS1\Downloads\sts-4.20.1.RELEASE\plugins\org.eclipse.justj.openjdk.hotspot.jre.full.win32.x86_64_17.0.8.v20230831-1047\jre\bin\management_ext.dll
0x00007ffad6d60000 - 0x00007ffad6d68000 	C:\Windows\System32\PSAPI.DLL

dbghelp: loaded successfully - version: 4.0.5 - missing functions: none
symbol engine: initialized successfully - sym options: 0x614 - pdb path: .;C:\Users\ASUS1\Downloads\sts-4.20.1.RELEASE\plugins\org.eclipse.justj.openjdk.hotspot.jre.full.win32.x86_64_17.0.8.v20230831-1047\jre\bin;C:\Windows\SYSTEM32;C:\Windows\WinSxS\amd64_microsoft.windows.common-controls_6595b64144ccf1df_6.0.22621.3672_none_2713b9d173822955;C:\Users\ASUS1\Downloads\sts-4.20.1.RELEASE\plugins\org.eclipse.justj.openjdk.hotspot.jre.full.win32.x86_64_17.0.8.v20230831-1047\jre\bin\server

VM Arguments:
java_command: C:\Users\ASUS1\AppData\Local\Temp\surefire14984492717759004401\surefirebooter-20241004225332016_3.jar C:\Users\ASUS1\AppData\Local\Temp\surefire14984492717759004401 2024-10-04T22-53-31_747-jvmRun1 surefire-20241004225332016_1tmp surefire_0-20241004225332016_2tmp
java_class_path (initial): C:\Users\ASUS1\AppData\Local\Temp\surefire14984492717759004401\surefirebooter-20241004225332016_3.jar
Launcher Type: SUN_STANDARD

[Global flags]
     intx CICompilerCount                          = 12                                        {product} {ergonomic}
     uint ConcGCThreads                            = 3                                         {product} {ergonomic}
     uint G1ConcRefinementThreads                  = 13                                        {product} {ergonomic}
   size_t G1HeapRegionSize                         = 1048576                                   {product} {ergonomic}
    uintx GCDrainStackTargetSize                   = 64                                        {product} {ergonomic}
   size_t InitialHeapSize                          = 125829120                                 {product} {ergonomic}
   size_t MarkStackSize                            = 4194304                                   {product} {ergonomic}
   size_t MaxHeapSize                              = 1992294400                                {product} {ergonomic}
   size_t MaxNewSize                               = 1195376640                                {product} {ergonomic}
   size_t MinHeapDeltaBytes                        = 1048576                                   {product} {ergonomic}
   size_t MinHeapSize                              = 8388608                                   {product} {ergonomic}
    uintx NonNMethodCodeHeapSize                   = 7602480                                {pd product} {ergonomic}
    uintx NonProfiledCodeHeapSize                  = 122027880                              {pd product} {ergonomic}
    uintx ProfiledCodeHeapSize                     = 122027880                              {pd product} {ergonomic}
    uintx ReservedCodeCacheSize                    = 251658240                              {pd product} {ergonomic}
     bool SegmentedCodeCache                       = true                                      {product} {ergonomic}
   size_t SoftMaxHeapSize                          = 1992294400                             {manageable} {ergonomic}
     bool UseCompressedClassPointers               = true                           {product lp64_product} {ergonomic}
     bool UseCompressedOops                        = true                           {product lp64_product} {ergonomic}
     bool UseG1GC                                  = true                                      {product} {ergonomic}
     bool UseLargePagesIndividualAllocation        = false                                  {pd product} {ergonomic}

Logging:
Log output configuration:
 #0: stdout all=warning uptime,level,tags
 #1: stderr all=off uptime,level,tags

Environment Variables:
JAVA_HOME=C:\Program Files\Amazon Corretto\jdk21.0.4_7
PATH=C:/Users/ASUS1/Downloads/sts-4.20.1.RELEASE//plugins/org.eclipse.justj.openjdk.hotspot.jre.full.win32.x86_64_17.0.8.v20230831-1047/jre/bin/server;C:/Users/ASUS1/Downloads/sts-4.20.1.RELEASE//plugins/org.eclipse.justj.openjdk.hotspot.jre.full.win32.x86_64_17.0.8.v20230831-1047/jre/bin;C:\Program Files\Amazon Corretto\jdk21.0.4_7\bin;C:\Program Files\Amazon Corretto\jdk17.0.10_7\bin;C:\Program Files (x86)\Common Files\Oracle\Java\java8path;C:\Program Files (x86)\Common Files\Oracle\Java\javapath;C:\Program Files\Amazon Corretto\jdk17.0.10_7\bin;C:\Program Files\Amazon Corretto\jdk17.0.5_8\bin;C:\Program Files\MongoDB\Server\6.0\bin;C:\Program Files (x86)\VMware\VMware Workstation\bin\;C:\Python311\Scripts\;C:\Python311\;C:\MinGW\bin;C:\Windows\system32;C:\Windows;C:\Windows\System32\Wbem;C:\Windows\System32\WindowsPowerShell\v1.0\;C:\Windows\System32\OpenSSH\;C:\Program Files\Go\bin;C:\Program Files\nodejs\;C:\ProgramData\chocolatey\bin;C:\Python311\Scripts;C:\Users\ASUS1\Downloads\mongosh-1.8.0-win32-x64.zip\mongosh-1.8.0-win32-x64\bin;C:\Program Files\Git\cmd;C:\Program Files\PuTTY\;C:\Program Files\Docker\Docker\resources\bin;C:\Program Files\MySQL\MySQL Server 8.0\bin;C:\Program Files\Vagrant\bin;D:\apache-maven-3.8.8-bin\apache-maven-3.8.8\bin;C:\Program Files\MySQL\MySQL Shell 8.0\bin\;C:\Users\ASUS1\anaconda3;C:\Users\ASUS1\anaconda3\Library\mingw-w64\bin;C:\Users\ASUS1\anaconda3\Library\usr\bin;C:\Users\ASUS1\anaconda3\Library\bin;C:\Users\ASUS1\anaconda3\Scripts;C:\Users\ASUS1\AppData\Local\Microsoft\WindowsApps;C:\Users\ASUS1\AppData\Local\Programs\Microsoft VS Code\bin;C:\Users\ASUS1\go\bin;C:\Users\ASUS1\AppData\Roaming\npm;C:\Users\ASUS1\AppData\Local\GitHubDesktop\bin;C:\Program Files\JetBrains\IntelliJ IDEA 2022.3.1\bin;;C:\Program Files\JetBrains\PyCharm 2022.3\bin;;C:\Users\ASUS1\AppData\Local\Programs\mongosh\;C:\Users\ASUS1\Downloads\sts-4.20.1.RELEASE;
USERNAME=ASUS1
OS=Windows_NT
PROCESSOR_IDENTIFIER=AMD64 Family 23 Model 96 Stepping 1, AuthenticAMD
TMP=C:\Users\ASUS1\AppData\Local\Temp
TEMP=C:\Users\ASUS1\AppData\Local\Temp



---------------  S Y S T E M  ---------------

OS:
 Windows 11 , 64 bit Build 22621 (10.0.22621.3958)
OS uptime: 19 days 8:58 hours
Hyper-V role detected

CPU: total 16 (initial active 16) (16 cores per cpu, 2 threads per core) family 23 model 96 stepping 1 microcode 0x0, cx8, cmov, fxsr, ht, mmx, 3dnowpref, sse, sse2, sse3, ssse3, sse4a, sse4.1, sse4.2, popcnt, lzcnt, tsc, tscinvbit, avx, avx2, aes, clmul, bmi1, bmi2, adx, sha, fma, vzeroupper, clflush, clflushopt, hv
Processor Information for all 16 processors :
  Max Mhz: 2901, Current Mhz: 2901, Mhz Limit: 2901

Memory: 4k page, system-wide physical 7598M (270M free)
TotalPageFile size 31150M (AvailPageFile size 7M)
current process WorkingSet (physical memory assigned to process): 100M, peak: 100M
current process commit charge ("private bytes"): 242M, peak: 243M

vm_info: OpenJDK 64-Bit Server VM (17.0.8.1+1) for windows-amd64 JRE (17.0.8.1+1), built on Aug 23 2023 15:29:17 by "admin" with MS VC++ 16.7 (VS2019)

END.
