#
# There is insufficient memory for the Java Runtime Environment to continue.
# Native memory allocation (mmap) failed to map 125829120 bytes. Error detail: G1 virtual space
# Possible reasons:
#   The system is out of physical RAM or swap space
#   This process is running with CompressedOops enabled, and the Java Heap may be blocking the growth of the native heap
# Possible solutions:
#   Reduce memory load on the system
#   Increase physical memory or swap space
#   Check if swap backing store is full
#   Decrease Java heap size (-Xmx/-Xms)
#   Decrease number of Java threads
#   Decrease Java thread stack sizes (-Xss)
#   Set larger code cache with -XX:ReservedCodeCacheSize=
#   JVM is running with Unscaled Compressed Oops mode in which the Java heap is
#     placed in the first 4GB address space. The Java Heap base address is the
#     maximum limit for the native heap growth. Please use -XX:HeapBaseMinAddress
#     to set the Java Heap base and to place the Java Heap above 4GB virtual address.
# This output file may be truncated or incomplete.
#
#  Out of Memory Error (os_windows.cpp:3616), pid=26116, tid=1868
#
# JRE version:  (21.0.4+7) (build )
# Java VM: OpenJDK 64-Bit Server VM (21.0.4+7-LTS, mixed mode, sharing, tiered, compressed oops, compressed class ptrs, g1 gc, windows-amd64)
# No core dump will be written. Minidumps are not enabled by default on client versions of Windows
#

---------------  S U M M A R Y ------------

Command Line: C:\Users\ASUS1\AppData\Local\Temp\surefire8796964884620283925\surefirebooter-20241004224421947_3.jar C:\Users\ASUS1\AppData\Local\Temp\surefire8796964884620283925 2024-10-04T22-44-21_732-jvmRun1 surefire-20241004224421947_1tmp surefire_0-20241004224421947_2tmp

Host: AMD Ryzen 7 4800H with Radeon Graphics         , 16 cores, 7G,  Windows 11 , 64 bit Build 22621 (10.0.22621.3958)
Time: Fri Oct  4 22:44:22 2024 India Standard Time elapsed time: 0.018286 seconds (0d 0h 0m 0s)

---------------  T H R E A D  ---------------

Current thread (0x0000028981b8ff50):  JavaThread "Unknown thread" [_thread_in_vm, id=1868, stack(0x000000c98c200000,0x000000c98c300000) (1024K)]

Stack: [0x000000c98c200000,0x000000c98c300000]
Native frames: (J=compiled Java code, j=interpreted, Vv=VM code, C=native code)
V  [jvm.dll+0x6d83d9]
V  [jvm.dll+0x8b39f3]
V  [jvm.dll+0x8b5d4e]
V  [jvm.dll+0x8b6433]
V  [jvm.dll+0x285816]
V  [jvm.dll+0x6d4b65]
V  [jvm.dll+0x6c929a]
V  [jvm.dll+0x35e2fb]
V  [jvm.dll+0x365ea6]
V  [jvm.dll+0x3b7e76]
V  [jvm.dll+0x3b8148]
V  [jvm.dll+0x331a3c]
V  [jvm.dll+0x33272b]
V  [jvm.dll+0x87bce9]
V  [jvm.dll+0x3c4f91]
V  [jvm.dll+0x865093]
V  [jvm.dll+0x45916e]
V  [jvm.dll+0x45adf1]
C  [jli.dll+0x52ab]
C  [ucrtbase.dll+0x29333]
C  [KERNEL32.DLL+0x1257d]
C  [ntdll.dll+0x5af28]


---------------  P R O C E S S  ---------------

Threads class SMR info:
_java_thread_list=0x00007ff9e7bc2048, length=0, elements={
}

Java Threads: ( => current thread )
Total: 0

Other Threads:
  0x0000028983fe1e60 WorkerThread "GC Thread#0"                     [id=12124, stack(0x000000c98c300000,0x000000c98c400000) (1024K)]
  0x0000028983ff2270 ConcurrentGCThread "G1 Main Marker"            [id=10176, stack(0x000000c98c400000,0x000000c98c500000) (1024K)]
  0x0000028983ff2dc0 WorkerThread "G1 Conc#0"                       [id=37420, stack(0x000000c98c500000,0x000000c98c600000) (1024K)]

[error occurred during error reporting (printing all threads), id 0xc0000005, EXCEPTION_ACCESS_VIOLATION (0xc0000005) at pc=0x00007ff9e72c4af7]
VM state: not at safepoint (not fully initialized)

VM Mutex/Monitor currently owned by a thread:  ([mutex/lock_event])
[0x00007ff9e7c363a8] Heap_lock - owner thread: 0x0000028981b8ff50

Heap address: 0x0000000089400000, size: 1900 MB, Compressed Oops mode: 32-bit

CDS archive(s) mapped at: [0x0000000000000000-0x0000000000000000-0x0000000000000000), size 0, SharedBaseAddress: 0x0000000800000000, ArchiveRelocationMode: 1.
Narrow klass base: 0x0000000000000000, Narrow klass shift: 0, Narrow klass range: 0x0

GC Precious Log:
 CardTable entry size: 512
 Card Set container configuration: InlinePtr #cards 5 size 8 Array Of Cards #cards 12 size 40 Howl #buckets 4 coarsen threshold 1843 Howl Bitmap #cards 512 size 80 coarsen threshold 460 Card regions per heap region 1 cards per card region 2048

Heap:
 garbage-first heap   total 0K, used 0K [0x0000000089400000, 0x0000000100000000)
  region size 1024K, 0 young (0K), 0 survivors (0K)

[error occurred during error reporting (printing heap information), id 0xc0000005, EXCEPTION_ACCESS_VIOLATION (0xc0000005) at pc=0x00007ff9e76b1cf9]
GC Heap History (0 events):
No events

Dll operation events (1 events):
Event: 0.011 Loaded shared library C:\Program Files\Amazon Corretto\jdk21.0.4_7\bin\java.dll

Deoptimization events (0 events):
No events

Classes loaded (0 events):
No events

Classes unloaded (0 events):
No events

Classes redefined (0 events):
No events

Internal exceptions (0 events):
No events

ZGC Phase Switch (0 events):
No events

VM Operations (0 events):
No events

Memory protections (0 events):
No events

Nmethod flushes (0 events):
No events

Events (0 events):
No events


Dynamic libraries:
0x00007ff757030000 - 0x00007ff75703e000 	C:\Program Files\Amazon Corretto\jdk21.0.4_7\bin\java.exe
0x00007ffad7170000 - 0x00007ffad7387000 	C:\Windows\SYSTEM32\ntdll.dll
0x00007ffad52b0000 - 0x00007ffad5374000 	C:\Windows\System32\KERNEL32.DLL
0x00007ffad47f0000 - 0x00007ffad4b9d000 	C:\Windows\System32\KERNELBASE.dll
0x00007ffad46d0000 - 0x00007ffad47e1000 	C:\Windows\System32\ucrtbase.dll
0x00007ffacb640000 - 0x00007ffacb658000 	C:\Program Files\Amazon Corretto\jdk21.0.4_7\bin\jli.dll
0x00007ffabbd50000 - 0x00007ffabbd6b000 	C:\Program Files\Amazon Corretto\jdk21.0.4_7\bin\VCRUNTIME140.dll
0x00007ffad5530000 - 0x00007ffad56de000 	C:\Windows\System32\USER32.dll
0x00007ffad4ba0000 - 0x00007ffad4bc6000 	C:\Windows\System32\win32u.dll
0x00007ffac1b80000 - 0x00007ffac1e13000 	C:\Windows\WinSxS\amd64_microsoft.windows.common-controls_6595b64144ccf1df_6.0.22621.3672_none_2713b9d173822955\COMCTL32.dll
0x00007ffad5080000 - 0x00007ffad5127000 	C:\Windows\System32\msvcrt.dll
0x00007ffad6b60000 - 0x00007ffad6b89000 	C:\Windows\System32\GDI32.dll
0x00007ffad4c50000 - 0x00007ffad4d69000 	C:\Windows\System32\gdi32full.dll
0x00007ffad44c0000 - 0x00007ffad455a000 	C:\Windows\System32\msvcp_win.dll
0x00007ffad56e0000 - 0x00007ffad5711000 	C:\Windows\System32\IMM32.DLL
0x00007ffacb630000 - 0x00007ffacb63c000 	C:\Program Files\Amazon Corretto\jdk21.0.4_7\bin\vcruntime140_1.dll
0x00007ffab0660000 - 0x00007ffab06ed000 	C:\Program Files\Amazon Corretto\jdk21.0.4_7\bin\msvcp140.dll
0x00007ff9e6f80000 - 0x00007ff9e7d16000 	C:\Program Files\Amazon Corretto\jdk21.0.4_7\bin\server\jvm.dll
0x00007ffad6ca0000 - 0x00007ffad6d52000 	C:\Windows\System32\ADVAPI32.dll
0x00007ffad67f0000 - 0x00007ffad6899000 	C:\Windows\System32\sechost.dll
0x00007ffad4490000 - 0x00007ffad44b8000 	C:\Windows\System32\bcrypt.dll
0x00007ffad68a0000 - 0x00007ffad69b4000 	C:\Windows\System32\RPCRT4.dll
0x00007ffad6710000 - 0x00007ffad6781000 	C:\Windows\System32\WS2_32.dll
0x00007ffacd840000 - 0x00007ffacd874000 	C:\Windows\SYSTEM32\WINMM.dll
0x00007ffacb310000 - 0x00007ffacb31a000 	C:\Windows\SYSTEM32\VERSION.dll
0x00007ffad4100000 - 0x00007ffad414d000 	C:\Windows\SYSTEM32\POWRPROF.dll
0x00007ffad3f40000 - 0x00007ffad3f53000 	C:\Windows\SYSTEM32\UMPDC.dll
0x00007ffad34c0000 - 0x00007ffad34d8000 	C:\Windows\SYSTEM32\kernel.appcore.dll
0x00007ffac1480000 - 0x00007ffac148a000 	C:\Program Files\Amazon Corretto\jdk21.0.4_7\bin\jimage.dll
0x00007ffad1640000 - 0x00007ffad1872000 	C:\Windows\SYSTEM32\DBGHELP.DLL
0x00007ffad6d70000 - 0x00007ffad70fe000 	C:\Windows\System32\combase.dll
0x00007ffad6a80000 - 0x00007ffad6b57000 	C:\Windows\System32\OLEAUT32.dll
0x00007ffac9cb0000 - 0x00007ffac9ce2000 	C:\Windows\SYSTEM32\dbgcore.DLL
0x00007ffad4bd0000 - 0x00007ffad4c4b000 	C:\Windows\System32\bcryptPrimitives.dll
0x00007ffabbd30000 - 0x00007ffabbd4f000 	C:\Program Files\Amazon Corretto\jdk21.0.4_7\bin\java.dll

dbghelp: loaded successfully - version: 4.0.5 - missing functions: none
symbol engine: initialized successfully - sym options: 0x614 - pdb path: .;C:\Program Files\Amazon Corretto\jdk21.0.4_7\bin;C:\Windows\SYSTEM32;C:\Windows\WinSxS\amd64_microsoft.windows.common-controls_6595b64144ccf1df_6.0.22621.3672_none_2713b9d173822955;C:\Program Files\Amazon Corretto\jdk21.0.4_7\bin\server

VM Arguments:
java_command: C:\Users\ASUS1\AppData\Local\Temp\surefire8796964884620283925\surefirebooter-20241004224421947_3.jar C:\Users\ASUS1\AppData\Local\Temp\surefire8796964884620283925 2024-10-04T22-44-21_732-jvmRun1 surefire-20241004224421947_1tmp surefire_0-20241004224421947_2tmp
java_class_path (initial): C:\Users\ASUS1\AppData\Local\Temp\surefire8796964884620283925\surefirebooter-20241004224421947_3.jar
Launcher Type: SUN_STANDARD

[Global flags]
     intx CICompilerCount                          = 12                                        {product} {ergonomic}
     uint ConcGCThreads                            = 3                                         {product} {ergonomic}
     uint G1ConcRefinementThreads                  = 13                                        {product} {ergonomic}
   size_t G1HeapRegionSize                         = 1048576                                   {product} {ergonomic}
    uintx GCDrainStackTargetSize                   = 64                                        {product} {ergonomic}
   size_t InitialHeapSize                          = 125829120                                 {product} {ergonomic}
   size_t MarkStackSize                            = 4194304                                   {product} {ergonomic}
   size_t MaxHeapSize                              = 1992294400                                {product} {ergonomic}
   size_t MinHeapDeltaBytes                        = 1048576                                   {product} {ergonomic}
   size_t MinHeapSize                              = 8388608                                   {product} {ergonomic}
    uintx NonNMethodCodeHeapSize                   = 7602480                                {pd product} {ergonomic}
    uintx NonProfiledCodeHeapSize                  = 122027880                              {pd product} {ergonomic}
    uintx ProfiledCodeHeapSize                     = 122027880                              {pd product} {ergonomic}
    uintx ReservedCodeCacheSize                    = 251658240                              {pd product} {ergonomic}
     bool SegmentedCodeCache                       = true                                      {product} {ergonomic}
   size_t SoftMaxHeapSize                          = 1992294400                             {manageable} {ergonomic}
     bool UseCompressedOops                        = true                           {product lp64_product} {ergonomic}
     bool UseG1GC                                  = true                                      {product} {ergonomic}
     bool UseLargePagesIndividualAllocation        = false                                  {pd product} {ergonomic}

Logging:
Log output configuration:
 #0: stdout all=warning uptime,level,tags foldmultilines=false
 #1: stderr all=off uptime,level,tags foldmultilines=false

Environment Variables:
JAVA_HOME=C:\Program Files\Amazon Corretto\jdk21.0.4_7
PATH=C:/Users/ASUS1/Downloads/sts-4.20.1.RELEASE//plugins/org.eclipse.justj.openjdk.hotspot.jre.full.win32.x86_64_17.0.8.v20230831-1047/jre/bin/server;C:/Users/ASUS1/Downloads/sts-4.20.1.RELEASE//plugins/org.eclipse.justj.openjdk.hotspot.jre.full.win32.x86_64_17.0.8.v20230831-1047/jre/bin;C:\Program Files\Amazon Corretto\jdk21.0.4_7\bin;C:\Program Files\Amazon Corretto\jdk17.0.10_7\bin;C:\Program Files (x86)\Common Files\Oracle\Java\java8path;C:\Program Files (x86)\Common Files\Oracle\Java\javapath;C:\Program Files\Amazon Corretto\jdk17.0.10_7\bin;C:\Program Files\Amazon Corretto\jdk17.0.5_8\bin;C:\Program Files\MongoDB\Server\6.0\bin;C:\Program Files (x86)\VMware\VMware Workstation\bin\;C:\Python311\Scripts\;C:\Python311\;C:\MinGW\bin;C:\Windows\system32;C:\Windows;C:\Windows\System32\Wbem;C:\Windows\System32\WindowsPowerShell\v1.0\;C:\Windows\System32\OpenSSH\;C:\Program Files\Go\bin;C:\Program Files\nodejs\;C:\ProgramData\chocolatey\bin;C:\Python311\Scripts;C:\Users\ASUS1\Downloads\mongosh-1.8.0-win32-x64.zip\mongosh-1.8.0-win32-x64\bin;C:\Program Files\Git\cmd;C:\Program Files\PuTTY\;C:\Program Files\Docker\Docker\resources\bin;C:\Program Files\MySQL\MySQL Server 8.0\bin;C:\Program Files\Vagrant\bin;D:\apache-maven-3.8.8-bin\apache-maven-3.8.8\bin;C:\Program Files\MySQL\MySQL Shell 8.0\bin\;C:\Users\ASUS1\anaconda3;C:\Users\ASUS1\anaconda3\Library\mingw-w64\bin;C:\Users\ASUS1\anaconda3\Library\usr\bin;C:\Users\ASUS1\anaconda3\Library\bin;C:\Users\ASUS1\anaconda3\Scripts;C:\Users\ASUS1\AppData\Local\Microsoft\WindowsApps;C:\Users\ASUS1\AppData\Local\Programs\Microsoft VS Code\bin;C:\Users\ASUS1\go\bin;C:\Users\ASUS1\AppData\Roaming\npm;C:\Users\ASUS1\AppData\Local\GitHubDesktop\bin;C:\Program Files\JetBrains\IntelliJ IDEA 2022.3.1\bin;;C:\Program Files\JetBrains\PyCharm 2022.3\bin;;C:\Users\ASUS1\AppData\Local\Programs\mongosh\;C:\Users\ASUS1\Downloads\sts-4.20.1.RELEASE;
USERNAME=ASUS1
TERM=xterm
OS=Windows_NT
PROCESSOR_IDENTIFIER=AMD64 Family 23 Model 96 Stepping 1, AuthenticAMD
TMP=C:\Users\ASUS1\AppData\Local\Temp
TEMP=C:\Users\ASUS1\AppData\Local\Temp




Periodic native trim disabled

---------------  S Y S T E M  ---------------

OS:
 Windows 11 , 64 bit Build 22621 (10.0.22621.3958)
OS uptime: 19 days 8:49 hours
Hyper-V role detected

CPU: total 16 (initial active 16) (16 cores per cpu, 2 threads per core) family 23 model 96 stepping 1 microcode 0x0, cx8, cmov, fxsr, ht, mmx, 3dnowpref, sse, sse2, sse3, ssse3, sse4a, sse4.1, sse4.2, popcnt, lzcnt, tsc, tscinvbit, avx, avx2, aes, clmul, bmi1, bmi2, adx, sha, fma, vzeroupper, clflush, clflushopt, hv, rdtscp, rdpid, f16c
Processor Information for all 16 processors :
  Max Mhz: 2901, Current Mhz: 2901, Mhz Limit: 2901

Memory: 4k page, system-wide physical 7598M (308M free)
TotalPageFile size 31150M (AvailPageFile size 59M)
current process WorkingSet (physical memory assigned to process): 11M, peak: 11M
current process commit charge ("private bytes"): 70M, peak: 190M

vm_info: OpenJDK 64-Bit Server VM (21.0.4+7-LTS) for windows-amd64 JRE (21.0.4+7-LTS), built on 2024-07-10T17:34:29Z by "Administrator" with MS VC++ 16.10 / 16.11 (VS2019)

END.
