#
# There is insufficient memory for the Java Runtime Environment to continue.
# Native memory allocation (malloc) failed to allocate 32744 bytes. Error detail: Chunk::new
# Possible reasons:
#   The system is out of physical RAM or swap space
#   This process is running with CompressedOops enabled, and the Java Heap may be blocking the growth of the native heap
# Possible solutions:
#   Reduce memory load on the system
#   Increase physical memory or swap space
#   Check if swap backing store is full
#   Decrease Java heap size (-Xmx/-Xms)
#   Decrease number of Java threads
#   Decrease Java thread stack sizes (-Xss)
#   Set larger code cache with -XX:ReservedCodeCacheSize=
#   JVM is running with Unscaled Compressed Oops mode in which the Java heap is
#     placed in the first 4GB address space. The Java Heap base address is the
#     maximum limit for the native heap growth. Please use -XX:HeapBaseMinAddress
#     to set the Java Heap base and to place the Java Heap above 4GB virtual address.
# This output file may be truncated or incomplete.
#
#  Out of Memory Error (arena.cpp:168), pid=43088, tid=39852
#
# JRE version: OpenJDK Runtime Environment Corretto-21.0.4.7.1 (21.0.4+7) (build 21.0.4+7-LTS)
# Java VM: OpenJDK 64-Bit Server VM Corretto-21.0.4.7.1 (21.0.4+7-LTS, mixed mode, sharing, tiered, compressed oops, compressed class ptrs, g1 gc, windows-amd64)
# No core dump will be written. Minidumps are not enabled by default on client versions of Windows
#

---------------  S U M M A R Y ------------

Command Line: C:\Users\ASUS1\AppData\Local\Temp\surefire17783747859442986601\surefirebooter-20241004224739423_3.jar C:\Users\ASUS1\AppData\Local\Temp\surefire17783747859442986601 2024-10-04T22-47-39_231-jvmRun1 surefire-20241004224739423_1tmp surefire_0-20241004224739423_2tmp

Host: AMD Ryzen 7 4800H with Radeon Graphics         , 16 cores, 7G,  Windows 11 , 64 bit Build 22621 (10.0.22621.3958)
Time: Fri Oct  4 22:47:41 2024 India Standard Time elapsed time: 1.706955 seconds (0d 0h 0m 1s)

---------------  T H R E A D  ---------------

Current thread (0x0000018c79a39b30):  JavaThread "C1 CompilerThread2" daemon [_thread_in_native, id=39852, stack(0x0000006847a00000,0x0000006847b00000) (1024K)]


Current CompileTask:
C1:   1707 1966       3       org.springframework.boot.context.properties.source.ConfigurationPropertyName$ElementsParser::isValidChar (30 bytes)

Stack: [0x0000006847a00000,0x0000006847b00000]
Native frames: (J=compiled Java code, j=interpreted, Vv=VM code, C=native code)
V  [jvm.dll+0x6d83d9]
V  [jvm.dll+0x8b39f3]
V  [jvm.dll+0x8b5d4e]
V  [jvm.dll+0x8b6433]
V  [jvm.dll+0x285816]
V  [jvm.dll+0xc608d]
V  [jvm.dll+0xc65c3]
V  [jvm.dll+0x287460]
V  [jvm.dll+0x155a02]
V  [jvm.dll+0x154e8f]
V  [jvm.dll+0x156cb1]
V  [jvm.dll+0x25c819]
V  [jvm.dll+0x25adcb]
V  [jvm.dll+0x3f9936]
V  [jvm.dll+0x85c768]
V  [jvm.dll+0x6d6bdd]
C  [ucrtbase.dll+0x29333]
C  [KERNEL32.DLL+0x1257d]
C  [ntdll.dll+0x5af28]


---------------  P R O C E S S  ---------------

Threads class SMR info:
_java_thread_list=0x0000018c7e251bf0, length=17, elements={
0x0000018c6909ecd0, 0x0000018c79789f50, 0x0000018c7978c9c0, 0x0000018c7978da10,
0x0000018c7978e900, 0x0000018c797934b0, 0x0000018c79795b30, 0x0000018c79798a90,
0x0000018c79799270, 0x0000018c79a39070, 0x0000018c79a39b30, 0x0000018c79a54cc0,
0x0000018c79a57d10, 0x0000018c79ad9700, 0x0000018c79b767b0, 0x0000018c7e071520,
0x0000018c7e3bf6a0
}

Java Threads: ( => current thread )
  0x0000018c6909ecd0 JavaThread "main"                              [_thread_in_native, id=22632, stack(0x0000006846900000,0x0000006846a00000) (1024K)]
  0x0000018c79789f50 JavaThread "Reference Handler"          daemon [_thread_blocked, id=26820, stack(0x0000006847100000,0x0000006847200000) (1024K)]
  0x0000018c7978c9c0 JavaThread "Finalizer"                  daemon [_thread_blocked, id=25752, stack(0x0000006847200000,0x0000006847300000) (1024K)]
  0x0000018c7978da10 JavaThread "Signal Dispatcher"          daemon [_thread_blocked, id=45844, stack(0x0000006847300000,0x0000006847400000) (1024K)]
  0x0000018c7978e900 JavaThread "Attach Listener"            daemon [_thread_blocked, id=27184, stack(0x0000006847400000,0x0000006847500000) (1024K)]
  0x0000018c797934b0 JavaThread "Service Thread"             daemon [_thread_blocked, id=50828, stack(0x0000006847500000,0x0000006847600000) (1024K)]
  0x0000018c79795b30 JavaThread "Monitor Deflation Thread"   daemon [_thread_blocked, id=19844, stack(0x0000006847600000,0x0000006847700000) (1024K)]
  0x0000018c79798a90 JavaThread "C2 CompilerThread0"         daemon [_thread_in_native, id=14056, stack(0x0000006847700000,0x0000006847800000) (1024K)]
  0x0000018c79799270 JavaThread "C1 CompilerThread0"         daemon [_thread_in_native, id=18020, stack(0x0000006847800000,0x0000006847900000) (1024K)]
  0x0000018c79a39070 JavaThread "C1 CompilerThread1"         daemon [_thread_in_native, id=4236, stack(0x0000006847900000,0x0000006847a00000) (1024K)]
=>0x0000018c79a39b30 JavaThread "C1 CompilerThread2"         daemon [_thread_in_native, id=39852, stack(0x0000006847a00000,0x0000006847b00000) (1024K)]
  0x0000018c79a54cc0 JavaThread "Notification Thread"        daemon [_thread_blocked, id=19540, stack(0x0000006847b00000,0x0000006847c00000) (1024K)]
  0x0000018c79a57d10 JavaThread "Common-Cleaner"             daemon [_thread_blocked, id=25176, stack(0x0000006847c00000,0x0000006847d00000) (1024K)]
  0x0000018c79ad9700 JavaThread "C2 CompilerThread1"         daemon [_thread_in_native, id=48492, stack(0x0000006847d00000,0x0000006847e00000) (1024K)]
  0x0000018c79b767b0 JavaThread "surefire-forkedjvm-stream-flusher" daemon [_thread_blocked, id=26732, stack(0x0000006847e00000,0x0000006847f00000) (1024K)]
  0x0000018c7e071520 JavaThread "surefire-forkedjvm-command-thread" daemon [_thread_in_native, id=49628, stack(0x0000006847f00000,0x0000006848000000) (1024K)]
  0x0000018c7e3bf6a0 JavaThread "C1 CompilerThread3"         daemon [_thread_blocked, id=38148, stack(0x0000006848000000,0x0000006848100000) (1024K)]
Total: 17

Other Threads:
  0x0000018c79769d90 VMThread "VM Thread"                           [id=40920, stack(0x0000006847000000,0x0000006847100000) (1024K)]
  0x0000018c79751b90 WatcherThread "VM Periodic Task Thread"        [id=35512, stack(0x0000006846f00000,0x0000006847000000) (1024K)]
  0x0000018c6b3ad9d0 WorkerThread "GC Thread#0"                     [id=26988, stack(0x0000006846a00000,0x0000006846b00000) (1024K)]
  0x0000018c7e85f9b0 WorkerThread "GC Thread#1"                     [id=13284, stack(0x0000006848100000,0x0000006848200000) (1024K)]
  0x0000018c7e8225f0 WorkerThread "GC Thread#2"                     [id=33288, stack(0x0000006848200000,0x0000006848300000) (1024K)]
  0x0000018c7e822da0 WorkerThread "GC Thread#3"                     [id=41128, stack(0x0000006848300000,0x0000006848400000) (1024K)]
  0x0000018c7e823140 WorkerThread "GC Thread#4"                     [id=41748, stack(0x0000006848400000,0x0000006848500000) (1024K)]
  0x0000018c7e8234e0 WorkerThread "GC Thread#5"                     [id=4140, stack(0x0000006848500000,0x0000006848600000) (1024K)]
  0x0000018c7e8248c0 WorkerThread "GC Thread#6"                     [id=37968, stack(0x0000006848600000,0x0000006848700000) (1024K)]
  0x0000018c7e824c60 WorkerThread "GC Thread#7"                     [id=41680, stack(0x0000006848700000,0x0000006848800000) (1024K)]
  0x0000018c7e825620 WorkerThread "GC Thread#8"                     [id=49632, stack(0x0000006848800000,0x0000006848900000) (1024K)]
  0x0000018c6b3befa0 ConcurrentGCThread "G1 Main Marker"            [id=37068, stack(0x0000006846b00000,0x0000006846c00000) (1024K)]
  0x0000018c6b3bf940 WorkerThread "G1 Conc#0"                       [id=47664, stack(0x0000006846c00000,0x0000006846d00000) (1024K)]
  0x0000018c6b41ea10 ConcurrentGCThread "G1 Refine#0"               [id=32316, stack(0x0000006846d00000,0x0000006846e00000) (1024K)]
  0x0000018c79621a60 ConcurrentGCThread "G1 Service"                [id=31388, stack(0x0000006846e00000,0x0000006846f00000) (1024K)]
Total: 15

Threads with active compile tasks:
C2 CompilerThread0     1733 1874       4       java.lang.invoke.MethodType::makeImpl (109 bytes)
C1 CompilerThread0     1733 1969       3       org.springframework.boot.context.properties.source.ConfigurationPropertyName$Elements::getLength (46 bytes)
C1 CompilerThread1     1734 1967       3       org.springframework.boot.context.properties.source.ConfigurationPropertyName$ElementsParser::updateType (109 bytes)
C1 CompilerThread2     1734 1966       3       org.springframework.boot.context.properties.source.ConfigurationPropertyName$ElementsParser::isValidChar (30 bytes)
C2 CompilerThread1     1734 1863       4       java.lang.invoke.MethodType::methodType (69 bytes)
Total: 5

VM state: not at safepoint (normal execution)

VM Mutex/Monitor currently owned by a thread: None

Heap address: 0x0000000089400000, size: 1900 MB, Compressed Oops mode: 32-bit

CDS archive(s) mapped at: [0x0000018c0f000000-0x0000018c0fc90000-0x0000018c0fc90000), size 13172736, SharedBaseAddress: 0x0000018c0f000000, ArchiveRelocationMode: 1.
Compressed class space mapped at: 0x0000018c10000000-0x0000018c50000000, reserved size: 1073741824
Narrow klass base: 0x0000018c0f000000, Narrow klass shift: 0, Narrow klass range: 0x100000000

GC Precious Log:
 CardTable entry size: 512
 Card Set container configuration: InlinePtr #cards 5 size 8 Array Of Cards #cards 12 size 40 Howl #buckets 4 coarsen threshold 1843 Howl Bitmap #cards 512 size 80 coarsen threshold 460 Card regions per heap region 1 cards per card region 2048
 CPUs: 16 total, 16 available
 Memory: 7598M
 Large Page Support: Disabled
 NUMA Support: Disabled
 Compressed Oops: Enabled (32-bit)
 Heap Region Size: 1M
 Heap Min Capacity: 8M
 Heap Initial Capacity: 120M
 Heap Max Capacity: 1900M
 Pre-touch: Disabled
 Parallel Workers: 13
 Concurrent Workers: 3
 Concurrent Refinement Workers: 13
 Periodic GC: Disabled

Heap:
 garbage-first heap   total 122880K, used 30824K [0x0000000089400000, 0x0000000100000000)
  region size 1024K, 28 young (28672K), 3 survivors (3072K)
 Metaspace       used 12790K, committed 13056K, reserved 1114112K
  class space    used 1629K, committed 1728K, reserved 1048576K

Heap Regions: E=young(eden), S=young(survivor), O=old, HS=humongous(starts), HC=humongous(continues), CS=collection set, F=free, TAMS=top-at-mark-start, PB=parsable bottom
|   0|0x0000000089400000, 0x0000000089500000, 0x0000000089500000|100%| O|  |TAMS 0x0000000089400000| PB 0x0000000089400000| Untracked 
|   1|0x0000000089500000, 0x0000000089600000, 0x0000000089600000|100%| O|  |TAMS 0x0000000089500000| PB 0x0000000089500000| Untracked 
|   2|0x0000000089600000, 0x0000000089700000, 0x0000000089700000|100%| O|  |TAMS 0x0000000089600000| PB 0x0000000089600000| Untracked 
|   3|0x0000000089700000, 0x000000008971a000, 0x0000000089800000| 10%| O|  |TAMS 0x0000000089700000| PB 0x0000000089700000| Untracked 
|   4|0x0000000089800000, 0x0000000089800000, 0x0000000089900000|  0%| F|  |TAMS 0x0000000089800000| PB 0x0000000089800000| Untracked 
|   5|0x0000000089900000, 0x0000000089900000, 0x0000000089a00000|  0%| F|  |TAMS 0x0000000089900000| PB 0x0000000089900000| Untracked 
|   6|0x0000000089a00000, 0x0000000089a00000, 0x0000000089b00000|  0%| F|  |TAMS 0x0000000089a00000| PB 0x0000000089a00000| Untracked 
|   7|0x0000000089b00000, 0x0000000089b00000, 0x0000000089c00000|  0%| F|  |TAMS 0x0000000089b00000| PB 0x0000000089b00000| Untracked 
|   8|0x0000000089c00000, 0x0000000089c00000, 0x0000000089d00000|  0%| F|  |TAMS 0x0000000089c00000| PB 0x0000000089c00000| Untracked 
|   9|0x0000000089d00000, 0x0000000089d00000, 0x0000000089e00000|  0%| F|  |TAMS 0x0000000089d00000| PB 0x0000000089d00000| Untracked 
|  10|0x0000000089e00000, 0x0000000089e00000, 0x0000000089f00000|  0%| F|  |TAMS 0x0000000089e00000| PB 0x0000000089e00000| Untracked 
|  11|0x0000000089f00000, 0x0000000089f00000, 0x000000008a000000|  0%| F|  |TAMS 0x0000000089f00000| PB 0x0000000089f00000| Untracked 
|  12|0x000000008a000000, 0x000000008a000000, 0x000000008a100000|  0%| F|  |TAMS 0x000000008a000000| PB 0x000000008a000000| Untracked 
|  13|0x000000008a100000, 0x000000008a100000, 0x000000008a200000|  0%| F|  |TAMS 0x000000008a100000| PB 0x000000008a100000| Untracked 
|  14|0x000000008a200000, 0x000000008a200000, 0x000000008a300000|  0%| F|  |TAMS 0x000000008a200000| PB 0x000000008a200000| Untracked 
|  15|0x000000008a300000, 0x000000008a300000, 0x000000008a400000|  0%| F|  |TAMS 0x000000008a300000| PB 0x000000008a300000| Untracked 
|  16|0x000000008a400000, 0x000000008a400000, 0x000000008a500000|  0%| F|  |TAMS 0x000000008a400000| PB 0x000000008a400000| Untracked 
|  17|0x000000008a500000, 0x000000008a500000, 0x000000008a600000|  0%| F|  |TAMS 0x000000008a500000| PB 0x000000008a500000| Untracked 
|  18|0x000000008a600000, 0x000000008a600000, 0x000000008a700000|  0%| F|  |TAMS 0x000000008a600000| PB 0x000000008a600000| Untracked 
|  19|0x000000008a700000, 0x000000008a700000, 0x000000008a800000|  0%| F|  |TAMS 0x000000008a700000| PB 0x000000008a700000| Untracked 
|  20|0x000000008a800000, 0x000000008a800000, 0x000000008a900000|  0%| F|  |TAMS 0x000000008a800000| PB 0x000000008a800000| Untracked 
|  21|0x000000008a900000, 0x000000008a900000, 0x000000008aa00000|  0%| F|  |TAMS 0x000000008a900000| PB 0x000000008a900000| Untracked 
|  22|0x000000008aa00000, 0x000000008aa00000, 0x000000008ab00000|  0%| F|  |TAMS 0x000000008aa00000| PB 0x000000008aa00000| Untracked 
|  23|0x000000008ab00000, 0x000000008ab00000, 0x000000008ac00000|  0%| F|  |TAMS 0x000000008ab00000| PB 0x000000008ab00000| Untracked 
|  24|0x000000008ac00000, 0x000000008ac00000, 0x000000008ad00000|  0%| F|  |TAMS 0x000000008ac00000| PB 0x000000008ac00000| Untracked 
|  25|0x000000008ad00000, 0x000000008ad00000, 0x000000008ae00000|  0%| F|  |TAMS 0x000000008ad00000| PB 0x000000008ad00000| Untracked 
|  26|0x000000008ae00000, 0x000000008ae00000, 0x000000008af00000|  0%| F|  |TAMS 0x000000008ae00000| PB 0x000000008ae00000| Untracked 
|  27|0x000000008af00000, 0x000000008af00000, 0x000000008b000000|  0%| F|  |TAMS 0x000000008af00000| PB 0x000000008af00000| Untracked 
|  28|0x000000008b000000, 0x000000008b000000, 0x000000008b100000|  0%| F|  |TAMS 0x000000008b000000| PB 0x000000008b000000| Untracked 
|  29|0x000000008b100000, 0x000000008b100000, 0x000000008b200000|  0%| F|  |TAMS 0x000000008b100000| PB 0x000000008b100000| Untracked 
|  30|0x000000008b200000, 0x000000008b200000, 0x000000008b300000|  0%| F|  |TAMS 0x000000008b200000| PB 0x000000008b200000| Untracked 
|  31|0x000000008b300000, 0x000000008b300000, 0x000000008b400000|  0%| F|  |TAMS 0x000000008b300000| PB 0x000000008b300000| Untracked 
|  32|0x000000008b400000, 0x000000008b400000, 0x000000008b500000|  0%| F|  |TAMS 0x000000008b400000| PB 0x000000008b400000| Untracked 
|  33|0x000000008b500000, 0x000000008b500000, 0x000000008b600000|  0%| F|  |TAMS 0x000000008b500000| PB 0x000000008b500000| Untracked 
|  34|0x000000008b600000, 0x000000008b600000, 0x000000008b700000|  0%| F|  |TAMS 0x000000008b600000| PB 0x000000008b600000| Untracked 
|  35|0x000000008b700000, 0x000000008b700000, 0x000000008b800000|  0%| F|  |TAMS 0x000000008b700000| PB 0x000000008b700000| Untracked 
|  36|0x000000008b800000, 0x000000008b800000, 0x000000008b900000|  0%| F|  |TAMS 0x000000008b800000| PB 0x000000008b800000| Untracked 
|  37|0x000000008b900000, 0x000000008b900000, 0x000000008ba00000|  0%| F|  |TAMS 0x000000008b900000| PB 0x000000008b900000| Untracked 
|  38|0x000000008ba00000, 0x000000008ba00000, 0x000000008bb00000|  0%| F|  |TAMS 0x000000008ba00000| PB 0x000000008ba00000| Untracked 
|  39|0x000000008bb00000, 0x000000008bb00000, 0x000000008bc00000|  0%| F|  |TAMS 0x000000008bb00000| PB 0x000000008bb00000| Untracked 
|  40|0x000000008bc00000, 0x000000008bc00000, 0x000000008bd00000|  0%| F|  |TAMS 0x000000008bc00000| PB 0x000000008bc00000| Untracked 
|  41|0x000000008bd00000, 0x000000008bd00000, 0x000000008be00000|  0%| F|  |TAMS 0x000000008bd00000| PB 0x000000008bd00000| Untracked 
|  42|0x000000008be00000, 0x000000008be00000, 0x000000008bf00000|  0%| F|  |TAMS 0x000000008be00000| PB 0x000000008be00000| Untracked 
|  43|0x000000008bf00000, 0x000000008bf00000, 0x000000008c000000|  0%| F|  |TAMS 0x000000008bf00000| PB 0x000000008bf00000| Untracked 
|  44|0x000000008c000000, 0x000000008c000000, 0x000000008c100000|  0%| F|  |TAMS 0x000000008c000000| PB 0x000000008c000000| Untracked 
|  45|0x000000008c100000, 0x000000008c100000, 0x000000008c200000|  0%| F|  |TAMS 0x000000008c100000| PB 0x000000008c100000| Untracked 
|  46|0x000000008c200000, 0x000000008c200000, 0x000000008c300000|  0%| F|  |TAMS 0x000000008c200000| PB 0x000000008c200000| Untracked 
|  47|0x000000008c300000, 0x000000008c300000, 0x000000008c400000|  0%| F|  |TAMS 0x000000008c300000| PB 0x000000008c300000| Untracked 
|  48|0x000000008c400000, 0x000000008c400000, 0x000000008c500000|  0%| F|  |TAMS 0x000000008c400000| PB 0x000000008c400000| Untracked 
|  49|0x000000008c500000, 0x000000008c500000, 0x000000008c600000|  0%| F|  |TAMS 0x000000008c500000| PB 0x000000008c500000| Untracked 
|  50|0x000000008c600000, 0x000000008c600000, 0x000000008c700000|  0%| F|  |TAMS 0x000000008c600000| PB 0x000000008c600000| Untracked 
|  51|0x000000008c700000, 0x000000008c700000, 0x000000008c800000|  0%| F|  |TAMS 0x000000008c700000| PB 0x000000008c700000| Untracked 
|  52|0x000000008c800000, 0x000000008c800000, 0x000000008c900000|  0%| F|  |TAMS 0x000000008c800000| PB 0x000000008c800000| Untracked 
|  53|0x000000008c900000, 0x000000008c900000, 0x000000008ca00000|  0%| F|  |TAMS 0x000000008c900000| PB 0x000000008c900000| Untracked 
|  54|0x000000008ca00000, 0x000000008ca00000, 0x000000008cb00000|  0%| F|  |TAMS 0x000000008ca00000| PB 0x000000008ca00000| Untracked 
|  55|0x000000008cb00000, 0x000000008cb00000, 0x000000008cc00000|  0%| F|  |TAMS 0x000000008cb00000| PB 0x000000008cb00000| Untracked 
|  56|0x000000008cc00000, 0x000000008cc00000, 0x000000008cd00000|  0%| F|  |TAMS 0x000000008cc00000| PB 0x000000008cc00000| Untracked 
|  57|0x000000008cd00000, 0x000000008cd00000, 0x000000008ce00000|  0%| F|  |TAMS 0x000000008cd00000| PB 0x000000008cd00000| Untracked 
|  58|0x000000008ce00000, 0x000000008ce00000, 0x000000008cf00000|  0%| F|  |TAMS 0x000000008ce00000| PB 0x000000008ce00000| Untracked 
|  59|0x000000008cf00000, 0x000000008cf00000, 0x000000008d000000|  0%| F|  |TAMS 0x000000008cf00000| PB 0x000000008cf00000| Untracked 
|  60|0x000000008d000000, 0x000000008d000000, 0x000000008d100000|  0%| F|  |TAMS 0x000000008d000000| PB 0x000000008d000000| Untracked 
|  61|0x000000008d100000, 0x000000008d100000, 0x000000008d200000|  0%| F|  |TAMS 0x000000008d100000| PB 0x000000008d100000| Untracked 
|  62|0x000000008d200000, 0x000000008d200000, 0x000000008d300000|  0%| F|  |TAMS 0x000000008d200000| PB 0x000000008d200000| Untracked 
|  63|0x000000008d300000, 0x000000008d300000, 0x000000008d400000|  0%| F|  |TAMS 0x000000008d300000| PB 0x000000008d300000| Untracked 
|  64|0x000000008d400000, 0x000000008d400000, 0x000000008d500000|  0%| F|  |TAMS 0x000000008d400000| PB 0x000000008d400000| Untracked 
|  65|0x000000008d500000, 0x000000008d500000, 0x000000008d600000|  0%| F|  |TAMS 0x000000008d500000| PB 0x000000008d500000| Untracked 
|  66|0x000000008d600000, 0x000000008d600000, 0x000000008d700000|  0%| F|  |TAMS 0x000000008d600000| PB 0x000000008d600000| Untracked 
|  67|0x000000008d700000, 0x000000008d700000, 0x000000008d800000|  0%| F|  |TAMS 0x000000008d700000| PB 0x000000008d700000| Untracked 
|  68|0x000000008d800000, 0x000000008d800000, 0x000000008d900000|  0%| F|  |TAMS 0x000000008d800000| PB 0x000000008d800000| Untracked 
|  69|0x000000008d900000, 0x000000008d900000, 0x000000008da00000|  0%| F|  |TAMS 0x000000008d900000| PB 0x000000008d900000| Untracked 
|  70|0x000000008da00000, 0x000000008da00000, 0x000000008db00000|  0%| F|  |TAMS 0x000000008da00000| PB 0x000000008da00000| Untracked 
|  71|0x000000008db00000, 0x000000008db00000, 0x000000008dc00000|  0%| F|  |TAMS 0x000000008db00000| PB 0x000000008db00000| Untracked 
|  72|0x000000008dc00000, 0x000000008dc00000, 0x000000008dd00000|  0%| F|  |TAMS 0x000000008dc00000| PB 0x000000008dc00000| Untracked 
|  73|0x000000008dd00000, 0x000000008dd00000, 0x000000008de00000|  0%| F|  |TAMS 0x000000008dd00000| PB 0x000000008dd00000| Untracked 
|  74|0x000000008de00000, 0x000000008de00000, 0x000000008df00000|  0%| F|  |TAMS 0x000000008de00000| PB 0x000000008de00000| Untracked 
|  75|0x000000008df00000, 0x000000008df00000, 0x000000008e000000|  0%| F|  |TAMS 0x000000008df00000| PB 0x000000008df00000| Untracked 
|  76|0x000000008e000000, 0x000000008e000000, 0x000000008e100000|  0%| F|  |TAMS 0x000000008e000000| PB 0x000000008e000000| Untracked 
|  77|0x000000008e100000, 0x000000008e100000, 0x000000008e200000|  0%| F|  |TAMS 0x000000008e100000| PB 0x000000008e100000| Untracked 
|  78|0x000000008e200000, 0x000000008e200000, 0x000000008e300000|  0%| F|  |TAMS 0x000000008e200000| PB 0x000000008e200000| Untracked 
|  79|0x000000008e300000, 0x000000008e300000, 0x000000008e400000|  0%| F|  |TAMS 0x000000008e300000| PB 0x000000008e300000| Untracked 
|  80|0x000000008e400000, 0x000000008e400000, 0x000000008e500000|  0%| F|  |TAMS 0x000000008e400000| PB 0x000000008e400000| Untracked 
|  81|0x000000008e500000, 0x000000008e500000, 0x000000008e600000|  0%| F|  |TAMS 0x000000008e500000| PB 0x000000008e500000| Untracked 
|  82|0x000000008e600000, 0x000000008e600000, 0x000000008e700000|  0%| F|  |TAMS 0x000000008e600000| PB 0x000000008e600000| Untracked 
|  83|0x000000008e700000, 0x000000008e700000, 0x000000008e800000|  0%| F|  |TAMS 0x000000008e700000| PB 0x000000008e700000| Untracked 
|  84|0x000000008e800000, 0x000000008e800000, 0x000000008e900000|  0%| F|  |TAMS 0x000000008e800000| PB 0x000000008e800000| Untracked 
|  85|0x000000008e900000, 0x000000008e900000, 0x000000008ea00000|  0%| F|  |TAMS 0x000000008e900000| PB 0x000000008e900000| Untracked 
|  86|0x000000008ea00000, 0x000000008ea00000, 0x000000008eb00000|  0%| F|  |TAMS 0x000000008ea00000| PB 0x000000008ea00000| Untracked 
|  87|0x000000008eb00000, 0x000000008eb00000, 0x000000008ec00000|  0%| F|  |TAMS 0x000000008eb00000| PB 0x000000008eb00000| Untracked 
|  88|0x000000008ec00000, 0x000000008ec00000, 0x000000008ed00000|  0%| F|  |TAMS 0x000000008ec00000| PB 0x000000008ec00000| Untracked 
|  89|0x000000008ed00000, 0x000000008ed00000, 0x000000008ee00000|  0%| F|  |TAMS 0x000000008ed00000| PB 0x000000008ed00000| Untracked 
|  90|0x000000008ee00000, 0x000000008ee00000, 0x000000008ef00000|  0%| F|  |TAMS 0x000000008ee00000| PB 0x000000008ee00000| Untracked 
|  91|0x000000008ef00000, 0x000000008ef00000, 0x000000008f000000|  0%| F|  |TAMS 0x000000008ef00000| PB 0x000000008ef00000| Untracked 
|  92|0x000000008f000000, 0x000000008f0c3250, 0x000000008f100000| 76%| E|  |TAMS 0x000000008f000000| PB 0x000000008f000000| Complete 
|  93|0x000000008f100000, 0x000000008f200000, 0x000000008f200000|100%| E|CS|TAMS 0x000000008f100000| PB 0x000000008f100000| Complete 
|  94|0x000000008f200000, 0x000000008f300000, 0x000000008f300000|100%| S|CS|TAMS 0x000000008f200000| PB 0x000000008f200000| Complete 
|  95|0x000000008f300000, 0x000000008f400000, 0x000000008f400000|100%| S|CS|TAMS 0x000000008f300000| PB 0x000000008f300000| Complete 
|  96|0x000000008f400000, 0x000000008f500000, 0x000000008f500000|100%| S|CS|TAMS 0x000000008f400000| PB 0x000000008f400000| Complete 
|  97|0x000000008f500000, 0x000000008f600000, 0x000000008f600000|100%| E|CS|TAMS 0x000000008f500000| PB 0x000000008f500000| Complete 
|  98|0x000000008f600000, 0x000000008f700000, 0x000000008f700000|100%| E|CS|TAMS 0x000000008f600000| PB 0x000000008f600000| Complete 
|  99|0x000000008f700000, 0x000000008f800000, 0x000000008f800000|100%| E|CS|TAMS 0x000000008f700000| PB 0x000000008f700000| Complete 
| 100|0x000000008f800000, 0x000000008f900000, 0x000000008f900000|100%| E|CS|TAMS 0x000000008f800000| PB 0x000000008f800000| Complete 
| 101|0x000000008f900000, 0x000000008fa00000, 0x000000008fa00000|100%| E|CS|TAMS 0x000000008f900000| PB 0x000000008f900000| Complete 
| 102|0x000000008fa00000, 0x000000008fb00000, 0x000000008fb00000|100%| E|CS|TAMS 0x000000008fa00000| PB 0x000000008fa00000| Complete 
| 103|0x000000008fb00000, 0x000000008fc00000, 0x000000008fc00000|100%| E|CS|TAMS 0x000000008fb00000| PB 0x000000008fb00000| Complete 
| 104|0x000000008fc00000, 0x000000008fd00000, 0x000000008fd00000|100%| E|CS|TAMS 0x000000008fc00000| PB 0x000000008fc00000| Complete 
| 105|0x000000008fd00000, 0x000000008fe00000, 0x000000008fe00000|100%| E|CS|TAMS 0x000000008fd00000| PB 0x000000008fd00000| Complete 
| 106|0x000000008fe00000, 0x000000008ff00000, 0x000000008ff00000|100%| E|CS|TAMS 0x000000008fe00000| PB 0x000000008fe00000| Complete 
| 107|0x000000008ff00000, 0x0000000090000000, 0x0000000090000000|100%| E|CS|TAMS 0x000000008ff00000| PB 0x000000008ff00000| Complete 
| 108|0x0000000090000000, 0x0000000090100000, 0x0000000090100000|100%| E|CS|TAMS 0x0000000090000000| PB 0x0000000090000000| Complete 
| 109|0x0000000090100000, 0x0000000090200000, 0x0000000090200000|100%| E|CS|TAMS 0x0000000090100000| PB 0x0000000090100000| Complete 
| 110|0x0000000090200000, 0x0000000090300000, 0x0000000090300000|100%| E|CS|TAMS 0x0000000090200000| PB 0x0000000090200000| Complete 
| 111|0x0000000090300000, 0x0000000090400000, 0x0000000090400000|100%| E|CS|TAMS 0x0000000090300000| PB 0x0000000090300000| Complete 
| 112|0x0000000090400000, 0x0000000090500000, 0x0000000090500000|100%| E|CS|TAMS 0x0000000090400000| PB 0x0000000090400000| Complete 
| 113|0x0000000090500000, 0x0000000090600000, 0x0000000090600000|100%| E|CS|TAMS 0x0000000090500000| PB 0x0000000090500000| Complete 
| 114|0x0000000090600000, 0x0000000090700000, 0x0000000090700000|100%| E|CS|TAMS 0x0000000090600000| PB 0x0000000090600000| Complete 
| 115|0x0000000090700000, 0x0000000090800000, 0x0000000090800000|100%| E|CS|TAMS 0x0000000090700000| PB 0x0000000090700000| Complete 
| 116|0x0000000090800000, 0x0000000090900000, 0x0000000090900000|100%| E|CS|TAMS 0x0000000090800000| PB 0x0000000090800000| Complete 
| 117|0x0000000090900000, 0x0000000090a00000, 0x0000000090a00000|100%| E|CS|TAMS 0x0000000090900000| PB 0x0000000090900000| Complete 
| 118|0x0000000090a00000, 0x0000000090b00000, 0x0000000090b00000|100%| E|CS|TAMS 0x0000000090a00000| PB 0x0000000090a00000| Complete 
| 119|0x0000000090b00000, 0x0000000090c00000, 0x0000000090c00000|100%| E|CS|TAMS 0x0000000090b00000| PB 0x0000000090b00000| Complete 

Card table byte_map: [0x0000018c74680000,0x0000018c74a40000] _byte_map_base: 0x0000018c74236000

Marking Bits: (CMBitMap*) 0x0000018c6b3adf70
 Bits: [0x0000018c74a40000, 0x0000018c767f0000)

Polling page: 0x0000018c69060000

Metaspace:

Usage:
  Non-class:     10.92 MB used.
      Class:      1.59 MB used.
       Both:     12.52 MB used.

Virtual space:
  Non-class space:       64.00 MB reserved,      11.12 MB ( 17%) committed,  1 nodes.
      Class space:        1.00 GB reserved,       1.75 MB ( <1%) committed,  1 nodes.
             Both:        1.06 GB reserved,      12.88 MB (  1%) committed. 

Chunk freelists:
   Non-Class:  4.19 MB
       Class:  14.12 MB
        Both:  18.31 MB

MaxMetaspaceSize: unlimited
CompressedClassSpaceSize: 1.00 GB
Initial GC threshold: 21.00 MB
Current GC threshold: 21.00 MB
CDS: on
 - commit_granule_bytes: 65536.
 - commit_granule_words: 8192.
 - virtual_space_node_default_size: 8388608.
 - enlarge_chunks_in_place: 1.
 - use_allocation_guard: 0.


Internal statistics:

num_allocs_failed_limit: 0.
num_arena_births: 214.
num_arena_deaths: 0.
num_vsnodes_births: 2.
num_vsnodes_deaths: 0.
num_space_committed: 206.
num_space_uncommitted: 0.
num_chunks_returned_to_freelist: 0.
num_chunks_taken_from_freelist: 679.
num_chunk_merges: 0.
num_chunk_splits: 391.
num_chunks_enlarged: 253.
num_inconsistent_stats: 0.

CodeHeap 'non-profiled nmethods': size=119168Kb used=665Kb max_used=665Kb free=118502Kb
 bounds [0x0000018c07ba0000, 0x0000018c07e10000, 0x0000018c0f000000]
CodeHeap 'profiled nmethods': size=119104Kb used=3895Kb max_used=3895Kb free=115208Kb
 bounds [0x0000018c00000000, 0x0000018c003d0000, 0x0000018c07450000]
CodeHeap 'non-nmethods': size=7488Kb used=3100Kb max_used=3116Kb free=4387Kb
 bounds [0x0000018c07450000, 0x0000018c07770000, 0x0000018c07ba0000]
 total_blobs=2487 nmethods=1983 adapters=405
 compilation: enabled
              stopped_count=0, restarted_count=0
 full_count=0

Compilation events (20 events):
Event: 1.695 Thread 0x0000018c7e3bf6a0 nmethod 1957 0x0000018c003bb010 code [0x0000018c003bb1e0, 0x0000018c003bb508]
Event: 1.695 Thread 0x0000018c79a39b30 nmethod 1958 0x0000018c003bb690 code [0x0000018c003bb840, 0x0000018c003bbb88]
Event: 1.695 Thread 0x0000018c79a39070 nmethod 1959 0x0000018c003bbc90 code [0x0000018c003bbe40, 0x0000018c003bc118]
Event: 1.696 Thread 0x0000018c79799270 nmethod 1956 0x0000018c003bc210 code [0x0000018c003bc4e0, 0x0000018c003bd298]
Event: 1.701 Thread 0x0000018c79a39b30 1961       3       java.lang.Character::toLowerCase (9 bytes)
Event: 1.701 Thread 0x0000018c7e3bf6a0 1960       3       java.lang.Character::toLowerCase (6 bytes)
Event: 1.701 Thread 0x0000018c79799270 1962       3       org.springframework.boot.context.properties.source.ConfigurationPropertyName$Elements::charAt (49 bytes)
Event: 1.701 Thread 0x0000018c79a39070 1964       3       org.springframework.boot.context.properties.source.ConfigurationPropertyName$ElementsParser::isAlphaNumeric (20 bytes)
Event: 1.702 Thread 0x0000018c7e3bf6a0 nmethod 1960 0x0000018c003bd810 code [0x0000018c003bd9c0, 0x0000018c003bdc18]
Event: 1.702 Thread 0x0000018c79a39b30 nmethod 1961 0x0000018c003bdd10 code [0x0000018c003bdec0, 0x0000018c003be0b8]
Event: 1.702 Thread 0x0000018c7e3bf6a0 1965       3       java.lang.Enum::getDeclaringClass (22 bytes)
Event: 1.702 Thread 0x0000018c79a39b30 1963       1       org.springframework.boot.context.properties.source.ConfigurationPropertyName$Elements::getSize (5 bytes)
Event: 1.702 Thread 0x0000018c79799270 nmethod 1962 0x0000018c003be190 code [0x0000018c003be360, 0x0000018c003be700]
Event: 1.702 Thread 0x0000018c79a39b30 nmethod 1963 0x0000018c07c45b10 code [0x0000018c07c45ca0, 0x0000018c07c45d68]
Event: 1.702 Thread 0x0000018c79a39070 nmethod 1964 0x0000018c003be890 code [0x0000018c003bea40, 0x0000018c003bed88]
Event: 1.702 Thread 0x0000018c7e3bf6a0 nmethod 1965 0x0000018c003bee90 code [0x0000018c003bf040, 0x0000018c003bf218]
Event: 1.704 Thread 0x0000018c79a39070 1967       3       org.springframework.boot.context.properties.source.ConfigurationPropertyName$ElementsParser::updateType (109 bytes)
Event: 1.704 Thread 0x0000018c79a39b30 1966       3       org.springframework.boot.context.properties.source.ConfigurationPropertyName$ElementsParser::isValidChar (30 bytes)
Event: 1.704 Thread 0x0000018c7e3bf6a0 1968       3       org.springframework.boot.context.properties.source.ConfigurationPropertyName$Elements::getType (7 bytes)
Event: 1.704 Thread 0x0000018c79799270 1969       3       org.springframework.boot.context.properties.source.ConfigurationPropertyName$Elements::getLength (46 bytes)

GC Heap History (2 events):
Event: 0.877 GC heap before
{Heap before GC invocations=0 (full 0):
 garbage-first heap   total 122880K, used 22528K [0x0000000089400000, 0x0000000100000000)
  region size 1024K, 23 young (23552K), 0 survivors (0K)
 Metaspace       used 5780K, committed 5952K, reserved 1114112K
  class space    used 706K, committed 768K, reserved 1048576K
}
Event: 0.887 GC heap after
{Heap after GC invocations=1 (full 0):
 garbage-first heap   total 122880K, used 6248K [0x0000000089400000, 0x0000000100000000)
  region size 1024K, 3 young (3072K), 3 survivors (3072K)
 Metaspace       used 5780K, committed 5952K, reserved 1114112K
  class space    used 706K, committed 768K, reserved 1048576K
}

Dll operation events (8 events):
Event: 0.012 Loaded shared library C:\Program Files\Amazon Corretto\jdk21.0.4_7\bin\java.dll
Event: 0.058 Loaded shared library C:\Program Files\Amazon Corretto\jdk21.0.4_7\bin\jsvml.dll
Event: 0.083 Loaded shared library C:\Program Files\Amazon Corretto\jdk21.0.4_7\bin\net.dll
Event: 0.087 Loaded shared library C:\Program Files\Amazon Corretto\jdk21.0.4_7\bin\nio.dll
Event: 0.093 Loaded shared library C:\Program Files\Amazon Corretto\jdk21.0.4_7\bin\zip.dll
Event: 0.167 Loaded shared library C:\Program Files\Amazon Corretto\jdk21.0.4_7\bin\management.dll
Event: 0.176 Loaded shared library C:\Program Files\Amazon Corretto\jdk21.0.4_7\bin\management_ext.dll
Event: 0.202 Loaded shared library C:\Program Files\Amazon Corretto\jdk21.0.4_7\bin\jimage.dll

Deoptimization events (20 events):
Event: 1.461 Thread 0x0000018c6909ecd0 Uncommon trap: trap_request=0xffffff45 fr.pc=0x0000018c07c363ec relative=0x00000000000000cc
Event: 1.461 Thread 0x0000018c6909ecd0 Uncommon trap: reason=unstable_if action=reinterpret pc=0x0000018c07c363ec method=java.lang.ref.SoftReference.get()Ljava/lang/Object; @ 6 c2
Event: 1.461 Thread 0x0000018c6909ecd0 DEOPT PACKING pc=0x0000018c07c363ec sp=0x00000068469fcea0
Event: 1.461 Thread 0x0000018c6909ecd0 DEOPT UNPACKING pc=0x0000018c074a46a2 sp=0x00000068469fce58 mode 2
Event: 1.465 Thread 0x0000018c6909ecd0 Uncommon trap: trap_request=0xffffff45 fr.pc=0x0000018c07c0373c relative=0x00000000000002dc
Event: 1.465 Thread 0x0000018c6909ecd0 Uncommon trap: reason=unstable_if action=reinterpret pc=0x0000018c07c0373c method=java.util.HashMap.hash(Ljava/lang/Object;)I @ 1 c2
Event: 1.465 Thread 0x0000018c6909ecd0 DEOPT PACKING pc=0x0000018c07c0373c sp=0x00000068469fce10
Event: 1.465 Thread 0x0000018c6909ecd0 DEOPT UNPACKING pc=0x0000018c074a46a2 sp=0x00000068469fcd08 mode 2
Event: 1.503 Thread 0x0000018c6909ecd0 Uncommon trap: trap_request=0xffffff45 fr.pc=0x0000018c07c3dd70 relative=0x0000000000000070
Event: 1.503 Thread 0x0000018c6909ecd0 Uncommon trap: reason=unstable_if action=reinterpret pc=0x0000018c07c3dd70 method=java.lang.ref.ReferenceQueue.poll()Ljava/lang/ref/Reference; @ 4 c2
Event: 1.503 Thread 0x0000018c6909ecd0 DEOPT PACKING pc=0x0000018c07c3dd70 sp=0x00000068469fc670
Event: 1.503 Thread 0x0000018c6909ecd0 DEOPT UNPACKING pc=0x0000018c074a46a2 sp=0x00000068469fc600 mode 2
Event: 1.507 Thread 0x0000018c6909ecd0 Uncommon trap: trap_request=0xffffff45 fr.pc=0x0000018c07c27548 relative=0x0000000000001608
Event: 1.507 Thread 0x0000018c6909ecd0 Uncommon trap: reason=unstable_if action=reinterpret pc=0x0000018c07c27548 method=java.util.concurrent.ConcurrentHashMap.transfer([Ljava/util/concurrent/ConcurrentHashMap$Node;[Ljava/util/concurrent/ConcurrentHashMap$Node;)V @ 26 c2
Event: 1.508 Thread 0x0000018c6909ecd0 DEOPT PACKING pc=0x0000018c07c27548 sp=0x00000068469fc390
Event: 1.508 Thread 0x0000018c6909ecd0 DEOPT UNPACKING pc=0x0000018c074a46a2 sp=0x00000068469fc300 mode 2
Event: 1.598 Thread 0x0000018c6909ecd0 Uncommon trap: trap_request=0xffffff45 fr.pc=0x0000018c07bff12c relative=0x00000000000003cc
Event: 1.598 Thread 0x0000018c6909ecd0 Uncommon trap: reason=unstable_if action=reinterpret pc=0x0000018c07bff12c method=java.lang.Integer.getChars(II[B)I @ 25 c2
Event: 1.598 Thread 0x0000018c6909ecd0 DEOPT PACKING pc=0x0000018c07bff12c sp=0x00000068469fb8c0
Event: 1.598 Thread 0x0000018c6909ecd0 DEOPT UNPACKING pc=0x0000018c074a46a2 sp=0x00000068469fb7f8 mode 2

Classes loaded (20 events):
Event: 1.658 Loading class javax/naming/NamingException
Event: 1.658 Loading class javax/naming/NamingException done
Event: 1.658 Loading class com/sun/naming/internal/ResourceManager
Event: 1.659 Loading class com/sun/naming/internal/ResourceManager done
Event: 1.659 Loading class com/sun/naming/internal/VersionHelper
Event: 1.659 Loading class com/sun/naming/internal/VersionHelper done
Event: 1.662 Loading class com/sun/naming/internal/VersionHelper$InputStreamEnumeration
Event: 1.662 Loading class javax/naming/NamingEnumeration
Event: 1.662 Loading class javax/naming/NamingEnumeration done
Event: 1.662 Loading class com/sun/naming/internal/VersionHelper$InputStreamEnumeration done
Event: 1.664 Loading class sun/nio/fs/WindowsException
Event: 1.664 Loading class sun/nio/fs/WindowsException done
Event: 1.664 Loading class java/util/Hashtable$KeySet
Event: 1.665 Loading class java/util/Hashtable$KeySet done
Event: 1.665 Loading class javax/naming/spi/NamingManager
Event: 1.665 Loading class javax/naming/spi/NamingManager done
Event: 1.665 Loading class javax/naming/NoInitialContextException
Event: 1.666 Loading class javax/naming/NoInitialContextException done
Event: 1.701 Loading class java/util/concurrent/ConcurrentHashMap$KeySpliterator
Event: 1.702 Loading class java/util/concurrent/ConcurrentHashMap$KeySpliterator done

Classes unloaded (0 events):
No events

Classes redefined (0 events):
No events

Internal exceptions (20 events):
Event: 0.987 Thread 0x0000018c6909ecd0 Exception <a 'java/lang/NoSuchMethodError'{0x000000009084af38}: 'java.lang.Object java.lang.invoke.Invokers$Holder.linkToTargetMethod(java.lang.Object, long, java.lang.Object, java.lang.Object)'> (0x000000009084af38) 
thrown [s\src\hotspot\share\interpreter\linkResolver.cpp, line 773]
Event: 1.120 Thread 0x0000018c6909ecd0 Exception <a 'java/lang/NoSuchMethodError'{0x00000000905f0790}: 'int java.lang.invoke.DirectMethodHandle$Holder.invokeStaticInit(java.lang.Object, java.lang.Object, java.lang.Object)'> (0x00000000905f0790) 
thrown [s\src\hotspot\share\interpreter\linkResolver.cpp, line 773]
Event: 1.133 Thread 0x0000018c6909ecd0 Implicit null exception at 0x0000018c07becabd to 0x0000018c07becb41
Event: 1.144 Thread 0x0000018c6909ecd0 Exception <a 'java/lang/NoSuchMethodError'{0x00000000904ef758}: 'int java.lang.invoke.DirectMethodHandle$Holder.invokeInterface(java.lang.Object, java.lang.Object)'> (0x00000000904ef758) 
thrown [s\src\hotspot\share\interpreter\linkResolver.cpp, line 773]
Event: 1.162 Thread 0x0000018c6909ecd0 Exception <a 'java/lang/NoSuchMethodError'{0x00000000903b8930}: 'void java.lang.invoke.DirectMethodHandle$Holder.invokeStaticInit(java.lang.Object, java.lang.Object)'> (0x00000000903b8930) 
thrown [s\src\hotspot\share\interpreter\linkResolver.cpp, line 773]
Event: 1.187 Thread 0x0000018c6909ecd0 Exception <a 'java/lang/NoSuchMethodError'{0x0000000090257d78}: 'int java.lang.invoke.DirectMethodHandle$Holder.invokeVirtual(java.lang.Object, java.lang.Object, java.lang.Object)'> (0x0000000090257d78) 
thrown [s\src\hotspot\share\interpreter\linkResolver.cpp, line 773]
Event: 1.233 Thread 0x0000018c6909ecd0 Exception <a 'java/lang/IncompatibleClassChangeError'{0x0000000090180238}: Found class java.lang.Object, but interface was expected> (0x0000000090180238) 
thrown [s\src\hotspot\share\interpreter\linkResolver.cpp, line 840]
Event: 1.271 Thread 0x0000018c6909ecd0 Exception <a 'java/lang/NoSuchMethodError'{0x00000000900943e0}: 'int java.lang.invoke.DirectMethodHandle$Holder.invokeSpecial(java.lang.Object, java.lang.Object, java.lang.Object, java.lang.Object)'> (0x00000000900943e0) 
thrown [s\src\hotspot\share\interpreter\linkResolver.cpp, line 773]
Event: 1.276 Thread 0x0000018c6909ecd0 Exception <a 'java/lang/NoSuchMethodError'{0x00000000900af0a8}: 'int java.lang.invoke.DirectMethodHandle$Holder.invokeSpecial(java.lang.Object, java.lang.Object, java.lang.Object, java.lang.Object, java.lang.Object)'> (0x00000000900af0a8) 
thrown [s\src\hotspot\share\interpreter\linkResolver.cpp, line 773]
Event: 1.278 Thread 0x0000018c6909ecd0 Exception <a 'java/lang/NoSuchMethodError'{0x00000000900b7718}: 'void java.lang.invoke.DirectMethodHandle$Holder.invokeVirtual(java.lang.Object, java.lang.Object)'> (0x00000000900b7718) 
thrown [s\src\hotspot\share\interpreter\linkResolver.cpp, line 773]
Event: 1.353 Thread 0x0000018c6909ecd0 Exception <a 'java/lang/NoSuchMethodError'{0x000000008fd0a000}: 'void java.lang.invoke.DirectMethodHandle$Holder.invokeVirtual(java.lang.Object, java.lang.Object, java.lang.Object, java.lang.Object)'> (0x000000008fd0a000) 
thrown [s\src\hotspot\share\interpreter\linkResolver.cpp, line 773]
Event: 1.464 Thread 0x0000018c6909ecd0 Exception <a 'java/lang/NoSuchMethodError'{0x000000008fab4488}: 'java.lang.Object java.lang.invoke.DirectMethodHandle$Holder.newInvokeSpecial(java.lang.Object, java.lang.Object, java.lang.Object, java.lang.Object, java.lang.Object, java.lang.Object, java.lang.Object)'> (0x000000008fab4488) 
thrown [s\src\hotspot\share\interpreter\linkResolver.cpp, line 773]
Event: 1.465 Thread 0x0000018c6909ecd0 Implicit null exception at 0x0000018c07c034b5 to 0x0000018c07c03720
Event: 1.491 Thread 0x0000018c6909ecd0 Exception <a 'java/lang/NoClassDefFoundError'{0x000000008f9a62a0}: org/springframework/transaction/interceptor/TransactionAttributeSource> (0x000000008f9a62a0) 
thrown [s\src\hotspot\share\classfile\systemDictionary.cpp, line 301]
Event: 1.493 Thread 0x0000018c6909ecd0 Exception <a 'java/lang/NoClassDefFoundError'{0x000000008f9be8a0}: org/springframework/transaction/interceptor/TransactionAttribute> (0x000000008f9be8a0) 
thrown [s\src\hotspot\share\classfile\systemDictionary.cpp, line 301]
Event: 1.495 Thread 0x0000018c6909ecd0 Exception <a 'java/lang/NoSuchMethodError'{0x000000008f9cc1f8}: 'java.lang.Object java.lang.invoke.DirectMethodHandle$Holder.invokeInterface(java.lang.Object, java.lang.Object, java.lang.Object, java.lang.Object)'> (0x000000008f9cc1f8) 
thrown [s\src\hotspot\share\interpreter\linkResolver.cpp, line 773]
Event: 1.501 Thread 0x0000018c6909ecd0 Exception <a 'java/lang/NoSuchMethodError'{0x000000008f9fd8b0}: 'java.lang.Object java.lang.invoke.DirectMethodHandle$Holder.invokeInterface(java.lang.Object, java.lang.Object, java.lang.Object, java.lang.Object, java.lang.Object)'> (0x000000008f9fd8b0) 
thrown [s\src\hotspot\share\interpreter\linkResolver.cpp, line 773]
Event: 1.501 Thread 0x0000018c6909ecd0 Exception <a 'java/lang/IncompatibleClassChangeError'{0x000000008f801b88}: Found class java.lang.Object, but interface was expected> (0x000000008f801b88) 
thrown [s\src\hotspot\share\interpreter\linkResolver.cpp, line 840]
Event: 1.646 Thread 0x0000018c6909ecd0 Exception <a 'java/lang/IncompatibleClassChangeError'{0x000000008f5cd408}: Found class java.lang.Object, but interface was expected> (0x000000008f5cd408) 
thrown [s\src\hotspot\share\interpreter\linkResolver.cpp, line 840]
Event: 1.664 Thread 0x0000018c6909ecd0 Exception <a 'sun/nio/fs/WindowsException'{0x000000008f110400}> (0x000000008f110400) 
thrown [s\src\hotspot\share\prims\jni.cpp, line 520]

ZGC Phase Switch (0 events):
No events

VM Operations (20 events):
Event: 0.737 Executing VM operation: HandshakeAllThreads (Deoptimize)
Event: 0.738 Executing VM operation: HandshakeAllThreads (Deoptimize) done
Event: 0.830 Executing VM operation: ICBufferFull
Event: 0.830 Executing VM operation: ICBufferFull done
Event: 0.877 Executing VM operation: G1CollectForAllocation (G1 Evacuation Pause)
Event: 0.887 Executing VM operation: G1CollectForAllocation (G1 Evacuation Pause) done
Event: 0.913 Executing VM operation: HandshakeAllThreads (Deoptimize)
Event: 0.913 Executing VM operation: HandshakeAllThreads (Deoptimize) done
Event: 1.058 Executing VM operation: HandshakeAllThreads (Deoptimize)
Event: 1.058 Executing VM operation: HandshakeAllThreads (Deoptimize) done
Event: 1.145 Executing VM operation: HandshakeAllThreads (Deoptimize)
Event: 1.145 Executing VM operation: HandshakeAllThreads (Deoptimize) done
Event: 1.245 Executing VM operation: HandshakeAllThreads (Deoptimize)
Event: 1.245 Executing VM operation: HandshakeAllThreads (Deoptimize) done
Event: 1.348 Executing VM operation: HandshakeAllThreads (Deoptimize)
Event: 1.348 Executing VM operation: HandshakeAllThreads (Deoptimize) done
Event: 1.494 Executing VM operation: ICBufferFull
Event: 1.494 Executing VM operation: ICBufferFull done
Event: 1.506 Executing VM operation: HandshakeAllThreads (Deoptimize)
Event: 1.506 Executing VM operation: HandshakeAllThreads (Deoptimize) done

Memory protections (0 events):
No events

Nmethod flushes (0 events):
No events

Events (17 events):
Event: 0.035 Thread 0x0000018c6909ecd0 Thread added: 0x0000018c6909ecd0
Event: 0.054 Thread 0x0000018c6909ecd0 Thread added: 0x0000018c79789f50
Event: 0.054 Thread 0x0000018c6909ecd0 Thread added: 0x0000018c7978c9c0
Event: 0.055 Thread 0x0000018c6909ecd0 Thread added: 0x0000018c7978da10
Event: 0.055 Thread 0x0000018c6909ecd0 Thread added: 0x0000018c7978e900
Event: 0.055 Thread 0x0000018c6909ecd0 Thread added: 0x0000018c797934b0
Event: 0.055 Thread 0x0000018c6909ecd0 Thread added: 0x0000018c79795b30
Event: 0.055 Thread 0x0000018c6909ecd0 Thread added: 0x0000018c79798a90
Event: 0.055 Thread 0x0000018c6909ecd0 Thread added: 0x0000018c79799270
Event: 0.074 Thread 0x0000018c79799270 Thread added: 0x0000018c79a39070
Event: 0.075 Thread 0x0000018c79a39070 Thread added: 0x0000018c79a39b30
Event: 0.077 Thread 0x0000018c6909ecd0 Thread added: 0x0000018c79a54cc0
Event: 0.078 Thread 0x0000018c6909ecd0 Thread added: 0x0000018c79a57d10
Event: 0.127 Thread 0x0000018c79799270 Thread added: 0x0000018c79ad9700
Event: 0.290 Thread 0x0000018c6909ecd0 Thread added: 0x0000018c79b767b0
Event: 0.304 Thread 0x0000018c6909ecd0 Thread added: 0x0000018c7e071520
Event: 0.344 Thread 0x0000018c79a39b30 Thread added: 0x0000018c7e3bf6a0


Dynamic libraries:
0x00007ff610740000 - 0x00007ff61074e000 	C:\Program Files\Amazon Corretto\jdk21.0.4_7\bin\java.exe
0x00007ffad7170000 - 0x00007ffad7387000 	C:\Windows\SYSTEM32\ntdll.dll
0x00007ffad52b0000 - 0x00007ffad5374000 	C:\Windows\System32\KERNEL32.DLL
0x00007ffad47f0000 - 0x00007ffad4b9d000 	C:\Windows\System32\KERNELBASE.dll
0x00007ffad46d0000 - 0x00007ffad47e1000 	C:\Windows\System32\ucrtbase.dll
0x00007ffabbd50000 - 0x00007ffabbd6b000 	C:\Program Files\Amazon Corretto\jdk21.0.4_7\bin\VCRUNTIME140.dll
0x00007ffacb640000 - 0x00007ffacb658000 	C:\Program Files\Amazon Corretto\jdk21.0.4_7\bin\jli.dll
0x00007ffad5530000 - 0x00007ffad56de000 	C:\Windows\System32\USER32.dll
0x00007ffac1b80000 - 0x00007ffac1e13000 	C:\Windows\WinSxS\amd64_microsoft.windows.common-controls_6595b64144ccf1df_6.0.22621.3672_none_2713b9d173822955\COMCTL32.dll
0x00007ffad4ba0000 - 0x00007ffad4bc6000 	C:\Windows\System32\win32u.dll
0x00007ffad5080000 - 0x00007ffad5127000 	C:\Windows\System32\msvcrt.dll
0x00007ffad6b60000 - 0x00007ffad6b89000 	C:\Windows\System32\GDI32.dll
0x00007ffad4c50000 - 0x00007ffad4d69000 	C:\Windows\System32\gdi32full.dll
0x00007ffad44c0000 - 0x00007ffad455a000 	C:\Windows\System32\msvcp_win.dll
0x00007ffad56e0000 - 0x00007ffad5711000 	C:\Windows\System32\IMM32.DLL
0x00007ffacb630000 - 0x00007ffacb63c000 	C:\Program Files\Amazon Corretto\jdk21.0.4_7\bin\vcruntime140_1.dll
0x00007ffab0660000 - 0x00007ffab06ed000 	C:\Program Files\Amazon Corretto\jdk21.0.4_7\bin\msvcp140.dll
0x00007ff9e6f80000 - 0x00007ff9e7d16000 	C:\Program Files\Amazon Corretto\jdk21.0.4_7\bin\server\jvm.dll
0x00007ffad6ca0000 - 0x00007ffad6d52000 	C:\Windows\System32\ADVAPI32.dll
0x00007ffad67f0000 - 0x00007ffad6899000 	C:\Windows\System32\sechost.dll
0x00007ffad4490000 - 0x00007ffad44b8000 	C:\Windows\System32\bcrypt.dll
0x00007ffad68a0000 - 0x00007ffad69b4000 	C:\Windows\System32\RPCRT4.dll
0x00007ffad6710000 - 0x00007ffad6781000 	C:\Windows\System32\WS2_32.dll
0x00007ffad4100000 - 0x00007ffad414d000 	C:\Windows\SYSTEM32\POWRPROF.dll
0x00007ffacd840000 - 0x00007ffacd874000 	C:\Windows\SYSTEM32\WINMM.dll
0x00007ffacb310000 - 0x00007ffacb31a000 	C:\Windows\SYSTEM32\VERSION.dll
0x00007ffad3f40000 - 0x00007ffad3f53000 	C:\Windows\SYSTEM32\UMPDC.dll
0x00007ffad34c0000 - 0x00007ffad34d8000 	C:\Windows\SYSTEM32\kernel.appcore.dll
0x00007ffac1480000 - 0x00007ffac148a000 	C:\Program Files\Amazon Corretto\jdk21.0.4_7\bin\jimage.dll
0x00007ffad1640000 - 0x00007ffad1872000 	C:\Windows\SYSTEM32\DBGHELP.DLL
0x00007ffad6d70000 - 0x00007ffad70fe000 	C:\Windows\System32\combase.dll
0x00007ffad6a80000 - 0x00007ffad6b57000 	C:\Windows\System32\OLEAUT32.dll
0x00007ffac9cb0000 - 0x00007ffac9ce2000 	C:\Windows\SYSTEM32\dbgcore.DLL
0x00007ffad4bd0000 - 0x00007ffad4c4b000 	C:\Windows\System32\bcryptPrimitives.dll
0x00007ffabbd30000 - 0x00007ffabbd4f000 	C:\Program Files\Amazon Corretto\jdk21.0.4_7\bin\java.dll
0x00007ffad57d0000 - 0x00007ffad6037000 	C:\Windows\System32\SHELL32.dll
0x00007ffad23c0000 - 0x00007ffad2cbf000 	C:\Windows\SYSTEM32\windows.storage.dll
0x00007ffad2280000 - 0x00007ffad23bf000 	C:\Windows\SYSTEM32\wintypes.dll
0x00007ffad6ba0000 - 0x00007ffad6c99000 	C:\Windows\System32\SHCORE.dll
0x00007ffad69c0000 - 0x00007ffad6a1e000 	C:\Windows\System32\shlwapi.dll
0x00007ffad43c0000 - 0x00007ffad43e7000 	C:\Windows\SYSTEM32\profapi.dll
0x00007ffab0580000 - 0x00007ffab0657000 	C:\Program Files\Amazon Corretto\jdk21.0.4_7\bin\jsvml.dll
0x00007ffac1440000 - 0x00007ffac1450000 	C:\Program Files\Amazon Corretto\jdk21.0.4_7\bin\net.dll
0x00007ffacf1a0000 - 0x00007ffacf2d6000 	C:\Windows\SYSTEM32\WINHTTP.dll
0x00007ffad3950000 - 0x00007ffad39b9000 	C:\Windows\system32\mswsock.dll
0x00007ffabb880000 - 0x00007ffabb896000 	C:\Program Files\Amazon Corretto\jdk21.0.4_7\bin\nio.dll
0x00007ffacce50000 - 0x00007ffacce68000 	C:\Program Files\Amazon Corretto\jdk21.0.4_7\bin\zip.dll
0x00007ffaceb30000 - 0x00007ffaceb39000 	C:\Program Files\Amazon Corretto\jdk21.0.4_7\bin\management.dll
0x00007ffaceaf0000 - 0x00007ffaceafb000 	C:\Program Files\Amazon Corretto\jdk21.0.4_7\bin\management_ext.dll
0x00007ffad6d60000 - 0x00007ffad6d68000 	C:\Windows\System32\PSAPI.DLL

dbghelp: loaded successfully - version: 4.0.5 - missing functions: none
symbol engine: initialized successfully - sym options: 0x614 - pdb path: .;C:\Program Files\Amazon Corretto\jdk21.0.4_7\bin;C:\Windows\SYSTEM32;C:\Windows\WinSxS\amd64_microsoft.windows.common-controls_6595b64144ccf1df_6.0.22621.3672_none_2713b9d173822955;C:\Program Files\Amazon Corretto\jdk21.0.4_7\bin\server

VM Arguments:
java_command: C:\Users\ASUS1\AppData\Local\Temp\surefire17783747859442986601\surefirebooter-20241004224739423_3.jar C:\Users\ASUS1\AppData\Local\Temp\surefire17783747859442986601 2024-10-04T22-47-39_231-jvmRun1 surefire-20241004224739423_1tmp surefire_0-20241004224739423_2tmp
java_class_path (initial): C:\Users\ASUS1\AppData\Local\Temp\surefire17783747859442986601\surefirebooter-20241004224739423_3.jar
Launcher Type: SUN_STANDARD

[Global flags]
     intx CICompilerCount                          = 12                                        {product} {ergonomic}
     uint ConcGCThreads                            = 3                                         {product} {ergonomic}
     uint G1ConcRefinementThreads                  = 13                                        {product} {ergonomic}
   size_t G1HeapRegionSize                         = 1048576                                   {product} {ergonomic}
    uintx GCDrainStackTargetSize                   = 64                                        {product} {ergonomic}
   size_t InitialHeapSize                          = 125829120                                 {product} {ergonomic}
   size_t MarkStackSize                            = 4194304                                   {product} {ergonomic}
   size_t MaxHeapSize                              = 1992294400                                {product} {ergonomic}
   size_t MaxNewSize                               = 1195376640                                {product} {ergonomic}
   size_t MinHeapDeltaBytes                        = 1048576                                   {product} {ergonomic}
   size_t MinHeapSize                              = 8388608                                   {product} {ergonomic}
    uintx NonNMethodCodeHeapSize                   = 7602480                                {pd product} {ergonomic}
    uintx NonProfiledCodeHeapSize                  = 122027880                              {pd product} {ergonomic}
    uintx ProfiledCodeHeapSize                     = 122027880                              {pd product} {ergonomic}
    uintx ReservedCodeCacheSize                    = 251658240                              {pd product} {ergonomic}
     bool SegmentedCodeCache                       = true                                      {product} {ergonomic}
   size_t SoftMaxHeapSize                          = 1992294400                             {manageable} {ergonomic}
     bool UseCompressedOops                        = true                           {product lp64_product} {ergonomic}
     bool UseG1GC                                  = true                                      {product} {ergonomic}
     bool UseLargePagesIndividualAllocation        = false                                  {pd product} {ergonomic}

Logging:
Log output configuration:
 #0: stdout all=warning uptime,level,tags foldmultilines=false
 #1: stderr all=off uptime,level,tags foldmultilines=false

Environment Variables:
JAVA_HOME=C:\Program Files\Amazon Corretto\jdk21.0.4_7
PATH=C:/Users/ASUS1/Downloads/sts-4.20.1.RELEASE//plugins/org.eclipse.justj.openjdk.hotspot.jre.full.win32.x86_64_17.0.8.v20230831-1047/jre/bin/server;C:/Users/ASUS1/Downloads/sts-4.20.1.RELEASE//plugins/org.eclipse.justj.openjdk.hotspot.jre.full.win32.x86_64_17.0.8.v20230831-1047/jre/bin;C:\Program Files\Amazon Corretto\jdk21.0.4_7\bin;C:\Program Files\Amazon Corretto\jdk17.0.10_7\bin;C:\Program Files (x86)\Common Files\Oracle\Java\java8path;C:\Program Files (x86)\Common Files\Oracle\Java\javapath;C:\Program Files\Amazon Corretto\jdk17.0.10_7\bin;C:\Program Files\Amazon Corretto\jdk17.0.5_8\bin;C:\Program Files\MongoDB\Server\6.0\bin;C:\Program Files (x86)\VMware\VMware Workstation\bin\;C:\Python311\Scripts\;C:\Python311\;C:\MinGW\bin;C:\Windows\system32;C:\Windows;C:\Windows\System32\Wbem;C:\Windows\System32\WindowsPowerShell\v1.0\;C:\Windows\System32\OpenSSH\;C:\Program Files\Go\bin;C:\Program Files\nodejs\;C:\ProgramData\chocolatey\bin;C:\Python311\Scripts;C:\Users\ASUS1\Downloads\mongosh-1.8.0-win32-x64.zip\mongosh-1.8.0-win32-x64\bin;C:\Program Files\Git\cmd;C:\Program Files\PuTTY\;C:\Program Files\Docker\Docker\resources\bin;C:\Program Files\MySQL\MySQL Server 8.0\bin;C:\Program Files\Vagrant\bin;D:\apache-maven-3.8.8-bin\apache-maven-3.8.8\bin;C:\Program Files\MySQL\MySQL Shell 8.0\bin\;C:\Users\ASUS1\anaconda3;C:\Users\ASUS1\anaconda3\Library\mingw-w64\bin;C:\Users\ASUS1\anaconda3\Library\usr\bin;C:\Users\ASUS1\anaconda3\Library\bin;C:\Users\ASUS1\anaconda3\Scripts;C:\Users\ASUS1\AppData\Local\Microsoft\WindowsApps;C:\Users\ASUS1\AppData\Local\Programs\Microsoft VS Code\bin;C:\Users\ASUS1\go\bin;C:\Users\ASUS1\AppData\Roaming\npm;C:\Users\ASUS1\AppData\Local\GitHubDesktop\bin;C:\Program Files\JetBrains\IntelliJ IDEA 2022.3.1\bin;;C:\Program Files\JetBrains\PyCharm 2022.3\bin;;C:\Users\ASUS1\AppData\Local\Programs\mongosh\;C:\Users\ASUS1\Downloads\sts-4.20.1.RELEASE;
USERNAME=ASUS1
TERM=xterm
OS=Windows_NT
PROCESSOR_IDENTIFIER=AMD64 Family 23 Model 96 Stepping 1, AuthenticAMD
TMP=C:\Users\ASUS1\AppData\Local\Temp
TEMP=C:\Users\ASUS1\AppData\Local\Temp




Periodic native trim disabled

---------------  S Y S T E M  ---------------

OS:
 Windows 11 , 64 bit Build 22621 (10.0.22621.3958)
OS uptime: 19 days 8:53 hours
Hyper-V role detected

CPU: total 16 (initial active 16) (16 cores per cpu, 2 threads per core) family 23 model 96 stepping 1 microcode 0x0, cx8, cmov, fxsr, ht, mmx, 3dnowpref, sse, sse2, sse3, ssse3, sse4a, sse4.1, sse4.2, popcnt, lzcnt, tsc, tscinvbit, avx, avx2, aes, clmul, bmi1, bmi2, adx, sha, fma, vzeroupper, clflush, clflushopt, hv, rdtscp, rdpid, f16c
Processor Information for all 16 processors :
  Max Mhz: 2901, Current Mhz: 2901, Mhz Limit: 2901

Memory: 4k page, system-wide physical 7598M (338M free)
TotalPageFile size 31150M (AvailPageFile size 3M)
current process WorkingSet (physical memory assigned to process): 134M, peak: 137M
current process commit charge ("private bytes"): 279M, peak: 282M

vm_info: OpenJDK 64-Bit Server VM (21.0.4+7-LTS) for windows-amd64 JRE (21.0.4+7-LTS), built on 2024-07-10T17:34:29Z by "Administrator" with MS VC++ 16.10 / 16.11 (VS2019)

END.
